{"G:\\VsCode\\Hydromart\\services\\delivery-service\\src\\application\\pagination.ts": {"path":"G:\\VsCode\\Hydromart\\services\\delivery-service\\src\\application\\pagination.ts","statementMap":{"0":{"start":{"line":15,"column":0},"end":{"line":15,"column":16}},"1":{"start":{"line":22,"column":2},"end":{"line":29,"column":4}}},"fnMap":{"0":{"name":"buildPage","decl":{"start":{"line":15,"column":16},"end":{"line":15,"column":25}},"loc":{"start":{"line":20,"column":34},"end":{"line":30,"column":1}}}},"branchMap":{"0":{"loc":{"start":{"line":20,"column":2},"end":{"line":20,"column":34}},"type":"default-arg","locations":[{"start":{"line":20,"column":30},"end":{"line":20,"column":34}}]}},"s":{"0":6,"1":5},"f":{"0":5},"b":{"0":[0]}}
,"G:\\VsCode\\Hydromart\\services\\delivery-service\\src\\application\\tokens.ts": {"path":"G:\\VsCode\\Hydromart\\services\\delivery-service\\src\\application\\tokens.ts","statementMap":{"0":{"start":{"line":1,"column":13},"end":{"line":14,"column":11}}},"fnMap":{},"branchMap":{},"s":{"0":16},"f":{},"b":{}}
,"G:\\VsCode\\Hydromart\\services\\delivery-service\\src\\application\\ports\\settings.repository.ts": {"path":"G:\\VsCode\\Hydromart\\services\\delivery-service\\src\\application\\ports\\settings.repository.ts","statementMap":{"0":{"start":{"line":3,"column":13},"end":{"line":3,"column":65}}},"fnMap":{},"branchMap":{},"s":{"0":7},"f":{},"b":{}}
,"G:\\VsCode\\Hydromart\\services\\delivery-service\\src\\application\\services\\commission.service.ts": {"path":"G:\\VsCode\\Hydromart\\services\\delivery-service\\src\\application\\services\\commission.service.ts","statementMap":{"0":{"start":{"line":1,"column":0},"end":{"line":1,"column":52}},"1":{"start":{"line":3,"column":0},"end":{"line":3,"column":77}},"2":{"start":{"line":6,"column":0},"end":{"line":6,"column":44}},"3":{"start":{"line":39,"column":7},"end":{"line":78,"column":null}},"4":{"start":{"line":41,"column":65},"end":{"line":41,"column":95}},"5":{"start":{"line":42,"column":67},"end":{"line":42,"column":100}},"6":{"start":{"line":43,"column":21},"end":{"line":43,"column":29}},"7":{"start":{"line":47,"column":17},"end":{"line":47,"column":63}},"8":{"start":{"line":48,"column":33},"end":{"line":51,"column":6}},"9":{"start":{"line":52,"column":30},"end":{"line":52,"column":90}},"10":{"start":{"line":52,"column":60},"end":{"line":52,"column":88}},"11":{"start":{"line":54,"column":21},"end":{"line":67,"column":42}},"12":{"start":{"line":56,"column":25},"end":{"line":56,"column":39}},"13":{"start":{"line":57,"column":29},"end":{"line":57,"column":67}},"14":{"start":{"line":58,"column":8},"end":{"line":65,"column":10}},"15":{"start":{"line":67,"column":22},"end":{"line":67,"column":41}},"16":{"start":{"line":69,"column":4},"end":{"line":76,"column":6}},"17":{"start":{"line":75,"column":42},"end":{"line":75,"column":54}},"18":{"start":{"line":39,"column":13},"end":{"line":39,"column":30}},"19":{"start":{"line":39,"column":13},"end":{"line":78,"column":null}}},"fnMap":{"0":{"name":"(anonymous_4)","decl":{"start":{"line":40,"column":2},"end":{"line":40,"column":null}},"loc":{"start":{"line":43,"column":50},"end":{"line":44,"column":6}}},"1":{"name":"(anonymous_5)","decl":{"start":{"line":46,"column":2},"end":{"line":46,"column":7}},"loc":{"start":{"line":46,"column":49},"end":{"line":77,"column":3}}},"2":{"name":"(anonymous_6)","decl":{"start":{"line":52,"column":53},"end":{"line":52,"column":54}},"loc":{"start":{"line":52,"column":60},"end":{"line":52,"column":88}}},"3":{"name":"(anonymous_7)","decl":{"start":{"line":55,"column":11},"end":{"line":55,"column":12}},"loc":{"start":{"line":55,"column":17},"end":{"line":66,"column":7}}},"4":{"name":"(anonymous_8)","decl":{"start":{"line":67,"column":12},"end":{"line":67,"column":13}},"loc":{"start":{"line":67,"column":22},"end":{"line":67,"column":41}}},"5":{"name":"(anonymous_9)","decl":{"start":{"line":75,"column":32},"end":{"line":75,"column":33}},"loc":{"start":{"line":75,"column":42},"end":{"line":75,"column":54}}}},"branchMap":{"0":{"loc":{"start":{"line":57,"column":29},"end":{"line":57,"column":67}},"type":"binary-expr","locations":[{"start":{"line":57,"column":29},"end":{"line":57,"column":62}},{"start":{"line":57,"column":66},"end":{"line":57,"column":67}}]}},"s":{"0":6,"1":6,"2":6,"3":6,"4":9,"5":9,"6":9,"7":4,"8":4,"9":4,"10":1,"11":4,"12":4,"13":4,"14":4,"15":1,"16":4,"17":4,"18":6,"19":6},"f":{"0":9,"1":4,"2":1,"3":4,"4":1,"5":4},"b":{"0":[4,3]}}
,"G:\\VsCode\\Hydromart\\services\\delivery-service\\src\\application\\services\\delivery.service.ts": {"path":"G:\\VsCode\\Hydromart\\services\\delivery-service\\src\\application\\services\\delivery.service.ts","statementMap":{"0":{"start":{"line":50,"column":0},"end":{"line":50,"column":16}},"1":{"start":{"line":1,"column":0},"end":{"line":1,"column":70}},"2":{"start":{"line":3,"column":0},"end":{"line":3,"column":null}},"3":{"start":{"line":14,"column":0},"end":{"line":14,"column":null}},"4":{"start":{"line":21,"column":0},"end":{"line":21,"column":null}},"5":{"start":{"line":27,"column":0},"end":{"line":27,"column":77}},"6":{"start":{"line":28,"column":0},"end":{"line":28,"column":48}},"7":{"start":{"line":39,"column":0},"end":{"line":39,"column":51}},"8":{"start":{"line":40,"column":0},"end":{"line":40,"column":55}},"9":{"start":{"line":41,"column":0},"end":{"line":41,"column":47}},"10":{"start":{"line":42,"column":0},"end":{"line":42,"column":44}},"11":{"start":{"line":51,"column":13},"end":{"line":51,"column":32}},"12":{"start":{"line":52,"column":2},"end":{"line":52,"column":42}},"13":{"start":{"line":103,"column":38},"end":{"line":103,"column":41}},"14":{"start":{"line":104,"column":28},"end":{"line":104,"column":60}},"15":{"start":{"line":107,"column":65},"end":{"line":107,"column":95}},"16":{"start":{"line":108,"column":64},"end":{"line":108,"column":93}},"17":{"start":{"line":109,"column":60},"end":{"line":109,"column":85}},"18":{"start":{"line":110,"column":21},"end":{"line":110,"column":29}},"19":{"start":{"line":111,"column":21},"end":{"line":111,"column":29}},"20":{"start":{"line":112,"column":60},"end":{"line":112,"column":85}},"21":{"start":{"line":115,"column":66},"end":{"line":115,"column":87}},"22":{"start":{"line":118,"column":21},"end":{"line":118,"column":48}},"23":{"start":{"line":136,"column":21},"end":{"line":136,"column":69}},"24":{"start":{"line":137,"column":4},"end":{"line":139,"column":5}},"25":{"start":{"line":138,"column":6},"end":{"line":138,"column":45}},"26":{"start":{"line":142,"column":4},"end":{"line":144,"column":5}},"27":{"start":{"line":143,"column":6},"end":{"line":143,"column":40}},"28":{"start":{"line":145,"column":19},"end":{"line":145,"column":76}},"29":{"start":{"line":146,"column":4},"end":{"line":148,"column":5}},"30":{"start":{"line":147,"column":6},"end":{"line":147,"column":34}},"31":{"start":{"line":151,"column":6},"end":{"line":153,"column":19}},"32":{"start":{"line":154,"column":4},"end":{"line":154,"column":89}},"33":{"start":{"line":156,"column":37},"end":{"line":168,"column":6}},"34":{"start":{"line":169,"column":21},"end":{"line":176,"column":42}},"35":{"start":{"line":177,"column":4},"end":{"line":179,"column":6}},"36":{"start":{"line":180,"column":4},"end":{"line":180,"column":20}},"37":{"start":{"line":184,"column":4},"end":{"line":190,"column":6}},"38":{"start":{"line":194,"column":4},"end":{"line":200,"column":6}},"39":{"start":{"line":210,"column":21},"end":{"line":210,"column":59}},"40":{"start":{"line":211,"column":4},"end":{"line":211,"column":69}},"41":{"start":{"line":214,"column":23},"end":{"line":218,"column":null}},"42":{"start":{"line":227,"column":22},"end":{"line":232,"column":null}},"43":{"start":{"line":234,"column":4},"end":{"line":234,"column":70}},"44":{"start":{"line":244,"column":4},"end":{"line":253,"column":5}},"45":{"start":{"line":245,"column":6},"end":{"line":252,"column":7}},"46":{"start":{"line":246,"column":8},"end":{"line":246,"column":73}},"47":{"start":{"line":248,"column":8},"end":{"line":250,"column":10}},"48":{"start":{"line":251,"column":8},"end":{"line":251,"column":14}},"49":{"start":{"line":256,"column":4},"end":{"line":256,"column":37}},"50":{"start":{"line":259,"column":4},"end":{"line":259,"column":75}},"51":{"start":{"line":260,"column":4},"end":{"line":260,"column":21}},"52":{"start":{"line":275,"column":4},"end":{"line":275,"column":29}},"53":{"start":{"line":275,"column":22},"end":{"line":275,"column":29}},"54":{"start":{"line":276,"column":4},"end":{"line":288,"column":6}},"55":{"start":{"line":293,"column":4},"end":{"line":293,"column":38}},"56":{"start":{"line":293,"column":31},"end":{"line":293,"column":38}},"57":{"start":{"line":294,"column":20},"end":{"line":294,"column":92}},"58":{"start":{"line":295,"column":4},"end":{"line":301,"column":7}},"59":{"start":{"line":316,"column":21},"end":{"line":316,"column":59}},"60":{"start":{"line":317,"column":4},"end":{"line":317,"column":66}},"61":{"start":{"line":318,"column":4},"end":{"line":318,"column":79}},"62":{"start":{"line":319,"column":4},"end":{"line":319,"column":63}},"63":{"start":{"line":320,"column":4},"end":{"line":327,"column":6}},"64":{"start":{"line":336,"column":4},"end":{"line":340,"column":5}},"65":{"start":{"line":337,"column":6},"end":{"line":337,"column":67}},"66":{"start":{"line":339,"column":6},"end":{"line":339,"column":87}},"67":{"start":{"line":354,"column":21},"end":{"line":354,"column":59}},"68":{"start":{"line":355,"column":4},"end":{"line":357,"column":5}},"69":{"start":{"line":356,"column":6},"end":{"line":356,"column":41}},"70":{"start":{"line":358,"column":18},"end":{"line":358,"column":96}},"71":{"start":{"line":359,"column":19},"end":{"line":359,"column":54}},"72":{"start":{"line":360,"column":4},"end":{"line":364,"column":6}},"73":{"start":{"line":377,"column":21},"end":{"line":377,"column":59}},"74":{"start":{"line":378,"column":4},"end":{"line":378,"column":66}},"75":{"start":{"line":379,"column":18},"end":{"line":379,"column":56}},"76":{"start":{"line":380,"column":4},"end":{"line":385,"column":5}},"77":{"start":{"line":381,"column":6},"end":{"line":384,"column":8}},"78":{"start":{"line":386,"column":19},"end":{"line":386,"column":57}},"79":{"start":{"line":387,"column":4},"end":{"line":387,"column":79}},"80":{"start":{"line":388,"column":4},"end":{"line":388,"column":63}},"81":{"start":{"line":389,"column":4},"end":{"line":396,"column":6}},"82":{"start":{"line":405,"column":21},"end":{"line":405,"column":59}},"83":{"start":{"line":406,"column":4},"end":{"line":406,"column":71}},"84":{"start":{"line":407,"column":20},"end":{"line":417,"column":null}},"85":{"start":{"line":422,"column":4},"end":{"line":422,"column":86}},"86":{"start":{"line":425,"column":4},"end":{"line":427,"column":6}},"87":{"start":{"line":428,"column":4},"end":{"line":428,"column":19}},"88":{"start":{"line":432,"column":4},"end":{"line":435,"column":6}},"89":{"start":{"line":448,"column":18},"end":{"line":448,"column":57}},"90":{"start":{"line":449,"column":4},"end":{"line":451,"column":5}},"91":{"start":{"line":450,"column":6},"end":{"line":450,"column":40}},"92":{"start":{"line":452,"column":4},"end":{"line":454,"column":5}},"93":{"start":{"line":453,"column":6},"end":{"line":453,"column":41}},"94":{"start":{"line":455,"column":4},"end":{"line":457,"column":5}},"95":{"start":{"line":456,"column":6},"end":{"line":456,"column":41}},"96":{"start":{"line":458,"column":16},"end":{"line":458,"column":84}},"97":{"start":{"line":459,"column":4},"end":{"line":459,"column":61}},"98":{"start":{"line":463,"column":21},"end":{"line":463,"column":55}},"99":{"start":{"line":464,"column":4},"end":{"line":466,"column":5}},"100":{"start":{"line":465,"column":6},"end":{"line":465,"column":40}},"101":{"start":{"line":467,"column":4},"end":{"line":467,"column":20}},"102":{"start":{"line":471,"column":21},"end":{"line":471,"column":55}},"103":{"start":{"line":472,"column":4},"end":{"line":474,"column":5}},"104":{"start":{"line":473,"column":6},"end":{"line":473,"column":40}},"105":{"start":{"line":475,"column":4},"end":{"line":475,"column":20}},"106":{"start":{"line":479,"column":4},"end":{"line":479,"column":47}},"107":{"start":{"line":483,"column":4},"end":{"line":483,"column":30}},"108":{"start":{"line":497,"column":36},"end":{"line":497,"column":83}},"109":{"start":{"line":498,"column":4},"end":{"line":519,"column":5}},"110":{"start":{"line":499,"column":18},"end":{"line":499,"column":40}},"111":{"start":{"line":500,"column":6},"end":{"line":503,"column":7}},"112":{"start":{"line":501,"column":8},"end":{"line":501,"column":99}},"113":{"start":{"line":502,"column":8},"end":{"line":502,"column":17}},"114":{"start":{"line":504,"column":6},"end":{"line":507,"column":7}},"115":{"start":{"line":505,"column":8},"end":{"line":505,"column":76}},"116":{"start":{"line":506,"column":8},"end":{"line":506,"column":17}},"117":{"start":{"line":508,"column":6},"end":{"line":518,"column":7}},"118":{"start":{"line":509,"column":8},"end":{"line":509,"column":39}},"119":{"start":{"line":513,"column":8},"end":{"line":517,"column":10}},"120":{"start":{"line":520,"column":4},"end":{"line":524,"column":5}},"121":{"start":{"line":521,"column":6},"end":{"line":523,"column":8}},"122":{"start":{"line":525,"column":4},"end":{"line":525,"column":22}},"123":{"start":{"line":535,"column":21},"end":{"line":535,"column":59}},"124":{"start":{"line":536,"column":4},"end":{"line":536,"column":47}},"125":{"start":{"line":540,"column":6},"end":{"line":540,"column":90}},"126":{"start":{"line":541,"column":24},"end":{"line":541,"column":42}},"127":{"start":{"line":542,"column":4},"end":{"line":549,"column":5}},"128":{"start":{"line":543,"column":6},"end":{"line":548,"column":8}},"129":{"start":{"line":550,"column":4},"end":{"line":557,"column":6}},"130":{"start":{"line":573,"column":4},"end":{"line":573,"column":93}},"131":{"start":{"line":573,"column":76},"end":{"line":573,"column":93}},"132":{"start":{"line":574,"column":20},"end":{"line":574,"column":36}},"133":{"start":{"line":575,"column":20},"end":{"line":575,"column":36}},"134":{"start":{"line":576,"column":4},"end":{"line":583,"column":5}},"135":{"start":{"line":577,"column":20},"end":{"line":579,"column":14}},"136":{"start":{"line":578,"column":63},"end":{"line":578,"column":67}},"137":{"start":{"line":580,"column":6},"end":{"line":580,"column":35}},"138":{"start":{"line":580,"column":18},"end":{"line":580,"column":35}},"139":{"start":{"line":581,"column":6},"end":{"line":581,"column":28}},"140":{"start":{"line":582,"column":6},"end":{"line":582,"column":28}},"141":{"start":{"line":584,"column":19},"end":{"line":588,"column":null}},"142":{"start":{"line":590,"column":28},"end":{"line":590,"column":86}},"143":{"start":{"line":591,"column":20},"end":{"line":591,"column":44}},"144":{"start":{"line":592,"column":4},"end":{"line":592,"column":51}},"145":{"start":{"line":596,"column":21},"end":{"line":596,"column":42}},"146":{"start":{"line":597,"column":4},"end":{"line":599,"column":5}},"147":{"start":{"line":598,"column":6},"end":{"line":598,"column":41}},"148":{"start":{"line":600,"column":4},"end":{"line":600,"column":20}},"149":{"start":{"line":604,"column":4},"end":{"line":606,"column":5}},"150":{"start":{"line":605,"column":6},"end":{"line":605,"column":57}},"151":{"start":{"line":619,"column":4},"end":{"line":626,"column":5}},"152":{"start":{"line":620,"column":6},"end":{"line":620,"column":76}},"153":{"start":{"line":622,"column":6},"end":{"line":624,"column":8}},"154":{"start":{"line":625,"column":6},"end":{"line":625,"column":41}},"155":{"start":{"line":632,"column":17},"end":{"line":632,"column":45}},"156":{"start":{"line":633,"column":18},"end":{"line":633,"column":85}},"157":{"start":{"line":634,"column":41},"end":{"line":641,"column":6}},"158":{"start":{"line":642,"column":4},"end":{"line":642,"column":60}},"159":{"start":{"line":102,"column":13},"end":{"line":102,"column":28}},"160":{"start":{"line":102,"column":13},"end":{"line":644,"column":null}}},"fnMap":{"0":{"name":"storageKeyFromUrl","decl":{"start":{"line":50,"column":16},"end":{"line":50,"column":33}},"loc":{"start":{"line":50,"column":45},"end":{"line":53,"column":1}}},"1":{"name":"(anonymous_5)","decl":{"start":{"line":106,"column":2},"end":{"line":106,"column":null}},"loc":{"start":{"line":118,"column":48},"end":{"line":119,"column":6}}},"2":{"name":"(anonymous_6)","decl":{"start":{"line":127,"column":2},"end":{"line":127,"column":7}},"loc":{"start":{"line":130,"column":25},"end":{"line":181,"column":3}}},"3":{"name":"(anonymous_7)","decl":{"start":{"line":183,"column":2},"end":{"line":183,"column":7}},"loc":{"start":{"line":183,"column":66},"end":{"line":191,"column":3}}},"4":{"name":"(anonymous_8)","decl":{"start":{"line":193,"column":2},"end":{"line":193,"column":7}},"loc":{"start":{"line":193,"column":65},"end":{"line":201,"column":3}}},"5":{"name":"(anonymous_9)","decl":{"start":{"line":204,"column":2},"end":{"line":204,"column":7}},"loc":{"start":{"line":208,"column":25},"end":{"line":261,"column":3}}},"6":{"name":"(anonymous_10)","decl":{"start":{"line":270,"column":10},"end":{"line":270,"column":15}},"loc":{"start":{"line":273,"column":25},"end":{"line":289,"column":3}}},"7":{"name":"(anonymous_11)","decl":{"start":{"line":292,"column":10},"end":{"line":292,"column":15}},"loc":{"start":{"line":292,"column":52},"end":{"line":302,"column":3}}},"8":{"name":"(anonymous_12)","decl":{"start":{"line":310,"column":2},"end":{"line":310,"column":7}},"loc":{"start":{"line":314,"column":22},"end":{"line":328,"column":3}}},"9":{"name":"(anonymous_13)","decl":{"start":{"line":335,"column":10},"end":{"line":335,"column":15}},"loc":{"start":{"line":335,"column":69},"end":{"line":341,"column":3}}},"10":{"name":"(anonymous_14)","decl":{"start":{"line":347,"column":2},"end":{"line":347,"column":7}},"loc":{"start":{"line":352,"column":26},"end":{"line":365,"column":3}}},"11":{"name":"(anonymous_15)","decl":{"start":{"line":371,"column":2},"end":{"line":371,"column":7}},"loc":{"start":{"line":375,"column":22},"end":{"line":397,"column":3}}},"12":{"name":"(anonymous_16)","decl":{"start":{"line":404,"column":2},"end":{"line":404,"column":7}},"loc":{"start":{"line":404,"column":71},"end":{"line":429,"column":3}}},"13":{"name":"(anonymous_17)","decl":{"start":{"line":431,"column":10},"end":{"line":431,"column":22}},"loc":{"start":{"line":431,"column":45},"end":{"line":436,"column":3}}},"14":{"name":"(anonymous_18)","decl":{"start":{"line":444,"column":2},"end":{"line":444,"column":7}},"loc":{"start":{"line":444,"column":77},"end":{"line":460,"column":3}}},"15":{"name":"(anonymous_19)","decl":{"start":{"line":462,"column":2},"end":{"line":462,"column":7}},"loc":{"start":{"line":462,"column":49},"end":{"line":468,"column":3}}},"16":{"name":"(anonymous_20)","decl":{"start":{"line":470,"column":2},"end":{"line":470,"column":7}},"loc":{"start":{"line":470,"column":25},"end":{"line":476,"column":3}}},"17":{"name":"(anonymous_21)","decl":{"start":{"line":478,"column":2},"end":{"line":478,"column":7}},"loc":{"start":{"line":478,"column":66},"end":{"line":480,"column":3}}},"18":{"name":"(anonymous_22)","decl":{"start":{"line":482,"column":2},"end":{"line":482,"column":7}},"loc":{"start":{"line":482,"column":42},"end":{"line":484,"column":3}}},"19":{"name":"(anonymous_23)","decl":{"start":{"line":496,"column":2},"end":{"line":496,"column":7}},"loc":{"start":{"line":496,"column":41},"end":{"line":526,"column":3}}},"20":{"name":"(anonymous_24)","decl":{"start":{"line":528,"column":10},"end":{"line":528,"column":15}},"loc":{"start":{"line":533,"column":25},"end":{"line":558,"column":3}}},"21":{"name":"(anonymous_25)","decl":{"start":{"line":567,"column":10},"end":{"line":567,"column":15}},"loc":{"start":{"line":571,"column":5},"end":{"line":593,"column":3}}},"22":{"name":"(anonymous_26)","decl":{"start":{"line":578,"column":57},"end":{"line":578,"column":60}},"loc":{"start":{"line":578,"column":63},"end":{"line":578,"column":67}}},"23":{"name":"(anonymous_27)","decl":{"start":{"line":595,"column":10},"end":{"line":595,"column":15}},"loc":{"start":{"line":595,"column":58},"end":{"line":601,"column":3}}},"24":{"name":"(anonymous_28)","decl":{"start":{"line":603,"column":10},"end":{"line":603,"column":26}},"loc":{"start":{"line":603,"column":67},"end":{"line":607,"column":3}}},"25":{"name":"(anonymous_29)","decl":{"start":{"line":613,"column":10},"end":{"line":613,"column":15}},"loc":{"start":{"line":617,"column":27},"end":{"line":627,"column":3}}},"26":{"name":"(anonymous_30)","decl":{"start":{"line":629,"column":10},"end":{"line":629,"column":15}},"loc":{"start":{"line":630,"column":54},"end":{"line":643,"column":3}}}},"branchMap":{"0":{"loc":{"start":{"line":52,"column":9},"end":{"line":52,"column":41}},"type":"cond-expr","locations":[{"start":{"line":52,"column":21},"end":{"line":52,"column":25}},{"start":{"line":52,"column":28},"end":{"line":52,"column":41}}]},"1":{"loc":{"start":{"line":137,"column":4},"end":{"line":139,"column":5}},"type":"if","locations":[{"start":{"line":137,"column":4},"end":{"line":139,"column":5}}]},"2":{"loc":{"start":{"line":137,"column":8},"end":{"line":137,"column":66}},"type":"binary-expr","locations":[{"start":{"line":137,"column":8},"end":{"line":137,"column":16}},{"start":{"line":137,"column":20},"end":{"line":137,"column":66}}]},"3":{"loc":{"start":{"line":142,"column":4},"end":{"line":144,"column":5}},"type":"if","locations":[{"start":{"line":142,"column":4},"end":{"line":144,"column":5}}]},"4":{"loc":{"start":{"line":146,"column":4},"end":{"line":148,"column":5}},"type":"if","locations":[{"start":{"line":146,"column":4},"end":{"line":148,"column":5}}]},"5":{"loc":{"start":{"line":146,"column":59},"end":{"line":146,"column":80}},"type":"binary-expr","locations":[{"start":{"line":146,"column":59},"end":{"line":146,"column":72}},{"start":{"line":146,"column":76},"end":{"line":146,"column":80}}]},"6":{"loc":{"start":{"line":151,"column":6},"end":{"line":153,"column":19}},"type":"cond-expr","locations":[{"start":{"line":152,"column":10},"end":{"line":152,"column":74}},{"start":{"line":153,"column":10},"end":{"line":153,"column":19}}]},"7":{"loc":{"start":{"line":151,"column":6},"end":{"line":151,"column":43}},"type":"binary-expr","locations":[{"start":{"line":151,"column":6},"end":{"line":151,"column":22}},{"start":{"line":151,"column":26},"end":{"line":151,"column":43}}]},"8":{"loc":{"start":{"line":160,"column":15},"end":{"line":160,"column":36}},"type":"binary-expr","locations":[{"start":{"line":160,"column":15},"end":{"line":160,"column":28}},{"start":{"line":160,"column":32},"end":{"line":160,"column":36}}]},"9":{"loc":{"start":{"line":162,"column":22},"end":{"line":162,"column":50}},"type":"binary-expr","locations":[{"start":{"line":162,"column":22},"end":{"line":162,"column":42}},{"start":{"line":162,"column":46},"end":{"line":162,"column":50}}]},"10":{"loc":{"start":{"line":163,"column":22},"end":{"line":163,"column":50}},"type":"binary-expr","locations":[{"start":{"line":163,"column":22},"end":{"line":163,"column":42}},{"start":{"line":163,"column":46},"end":{"line":163,"column":50}}]},"11":{"loc":{"start":{"line":164,"column":22},"end":{"line":164,"column":50}},"type":"binary-expr","locations":[{"start":{"line":164,"column":22},"end":{"line":164,"column":42}},{"start":{"line":164,"column":46},"end":{"line":164,"column":50}}]},"12":{"loc":{"start":{"line":165,"column":13},"end":{"line":165,"column":32}},"type":"binary-expr","locations":[{"start":{"line":165,"column":13},"end":{"line":165,"column":24}},{"start":{"line":165,"column":28},"end":{"line":165,"column":32}}]},"13":{"loc":{"start":{"line":166,"column":17},"end":{"line":166,"column":40}},"type":"binary-expr","locations":[{"start":{"line":166,"column":17},"end":{"line":166,"column":32}},{"start":{"line":166,"column":36},"end":{"line":166,"column":40}}]},"14":{"loc":{"start":{"line":167,"column":13},"end":{"line":167,"column":32}},"type":"binary-expr","locations":[{"start":{"line":167,"column":13},"end":{"line":167,"column":24}},{"start":{"line":167,"column":28},"end":{"line":167,"column":32}}]},"15":{"loc":{"start":{"line":169,"column":21},"end":{"line":176,"column":42}},"type":"cond-expr","locations":[{"start":{"line":170,"column":8},"end":{"line":174,"column":null}},{"start":{"line":176,"column":8},"end":{"line":176,"column":42}}]},"16":{"loc":{"start":{"line":178,"column":33},"end":{"line":178,"column":70}},"type":"cond-expr","locations":[{"start":{"line":178,"column":44},"end":{"line":178,"column":57}},{"start":{"line":178,"column":60},"end":{"line":178,"column":70}}]},"17":{"loc":{"start":{"line":275,"column":4},"end":{"line":275,"column":29}},"type":"if","locations":[{"start":{"line":275,"column":4},"end":{"line":275,"column":29}}]},"18":{"loc":{"start":{"line":293,"column":4},"end":{"line":293,"column":38}},"type":"if","locations":[{"start":{"line":293,"column":4},"end":{"line":293,"column":38}}]},"19":{"loc":{"start":{"line":314,"column":4},"end":{"line":314,"column":22}},"type":"default-arg","locations":[{"start":{"line":314,"column":20},"end":{"line":314,"column":22}}]},"20":{"loc":{"start":{"line":352,"column":4},"end":{"line":352,"column":26}},"type":"default-arg","locations":[{"start":{"line":352,"column":16},"end":{"line":352,"column":26}}]},"21":{"loc":{"start":{"line":355,"column":4},"end":{"line":357,"column":5}},"type":"if","locations":[{"start":{"line":355,"column":4},"end":{"line":357,"column":5}}]},"22":{"loc":{"start":{"line":358,"column":83},"end":{"line":358,"column":95}},"type":"binary-expr","locations":[{"start":{"line":358,"column":83},"end":{"line":358,"column":87}},{"start":{"line":358,"column":91},"end":{"line":358,"column":95}}]},"23":{"loc":{"start":{"line":374,"column":4},"end":{"line":374,"column":26}},"type":"default-arg","locations":[{"start":{"line":374,"column":16},"end":{"line":374,"column":26}}]},"24":{"loc":{"start":{"line":375,"column":4},"end":{"line":375,"column":22}},"type":"default-arg","locations":[{"start":{"line":375,"column":20},"end":{"line":375,"column":22}}]},"25":{"loc":{"start":{"line":380,"column":4},"end":{"line":385,"column":5}},"type":"if","locations":[{"start":{"line":380,"column":4},"end":{"line":385,"column":5}}]},"26":{"loc":{"start":{"line":413,"column":24},"end":{"line":413,"column":42}},"type":"binary-expr","locations":[{"start":{"line":413,"column":24},"end":{"line":413,"column":34}},{"start":{"line":413,"column":38},"end":{"line":413,"column":42}}]},"27":{"loc":{"start":{"line":414,"column":24},"end":{"line":414,"column":42}},"type":"binary-expr","locations":[{"start":{"line":414,"column":24},"end":{"line":414,"column":34}},{"start":{"line":414,"column":38},"end":{"line":414,"column":42}}]},"28":{"loc":{"start":{"line":417,"column":6},"end":{"line":417,"column":24}},"type":"binary-expr","locations":[{"start":{"line":417,"column":6},"end":{"line":417,"column":16}},{"start":{"line":417,"column":20},"end":{"line":417,"column":24}}]},"29":{"loc":{"start":{"line":422,"column":59},"end":{"line":422,"column":84}},"type":"binary-expr","locations":[{"start":{"line":422,"column":59},"end":{"line":422,"column":78}},{"start":{"line":422,"column":82},"end":{"line":422,"column":84}}]},"30":{"loc":{"start":{"line":449,"column":4},"end":{"line":451,"column":5}},"type":"if","locations":[{"start":{"line":449,"column":4},"end":{"line":451,"column":5}}]},"31":{"loc":{"start":{"line":452,"column":4},"end":{"line":454,"column":5}},"type":"if","locations":[{"start":{"line":452,"column":4},"end":{"line":454,"column":5}}]},"32":{"loc":{"start":{"line":455,"column":4},"end":{"line":457,"column":5}},"type":"if","locations":[{"start":{"line":455,"column":4},"end":{"line":457,"column":5}}]},"33":{"loc":{"start":{"line":464,"column":4},"end":{"line":466,"column":5}},"type":"if","locations":[{"start":{"line":464,"column":4},"end":{"line":466,"column":5}}]},"34":{"loc":{"start":{"line":464,"column":8},"end":{"line":464,"column":51}},"type":"binary-expr","locations":[{"start":{"line":464,"column":8},"end":{"line":464,"column":17}},{"start":{"line":464,"column":21},"end":{"line":464,"column":51}}]},"35":{"loc":{"start":{"line":472,"column":4},"end":{"line":474,"column":5}},"type":"if","locations":[{"start":{"line":472,"column":4},"end":{"line":474,"column":5}}]},"36":{"loc":{"start":{"line":500,"column":6},"end":{"line":503,"column":7}},"type":"if","locations":[{"start":{"line":500,"column":6},"end":{"line":503,"column":7}}]},"37":{"loc":{"start":{"line":504,"column":6},"end":{"line":507,"column":7}},"type":"if","locations":[{"start":{"line":504,"column":6},"end":{"line":507,"column":7}}]},"38":{"loc":{"start":{"line":515,"column":12},"end":{"line":515,"column":null}},"type":"cond-expr","locations":[{"start":{"line":515,"column":35},"end":{"line":515,"column":46}},{"start":{"line":515,"column":49},"end":{"line":515,"column":null}}]},"39":{"loc":{"start":{"line":520,"column":4},"end":{"line":524,"column":5}},"type":"if","locations":[{"start":{"line":520,"column":4},"end":{"line":524,"column":5}}]},"40":{"loc":{"start":{"line":540,"column":6},"end":{"line":540,"column":90}},"type":"cond-expr","locations":[{"start":{"line":540,"column":42},"end":{"line":540,"column":78}},{"start":{"line":540,"column":81},"end":{"line":540,"column":90}}]},"41":{"loc":{"start":{"line":542,"column":4},"end":{"line":549,"column":5}},"type":"if","locations":[{"start":{"line":542,"column":4},"end":{"line":549,"column":5}}]},"42":{"loc":{"start":{"line":547,"column":8},"end":{"line":547,"column":53}},"type":"cond-expr","locations":[{"start":{"line":547,"column":14},"end":{"line":547,"column":41}},{"start":{"line":547,"column":44},"end":{"line":547,"column":53}}]},"43":{"loc":{"start":{"line":554,"column":6},"end":{"line":554,"column":67}},"type":"cond-expr","locations":[{"start":{"line":554,"column":12},"end":{"line":554,"column":54}},{"start":{"line":554,"column":57},"end":{"line":554,"column":67}}]},"44":{"loc":{"start":{"line":573,"column":4},"end":{"line":573,"column":93}},"type":"if","locations":[{"start":{"line":573,"column":4},"end":{"line":573,"column":93}}]},"45":{"loc":{"start":{"line":573,"column":8},"end":{"line":573,"column":74}},"type":"binary-expr","locations":[{"start":{"line":573,"column":8},"end":{"line":573,"column":39}},{"start":{"line":573,"column":43},"end":{"line":573,"column":74}}]},"46":{"loc":{"start":{"line":576,"column":4},"end":{"line":583,"column":5}},"type":"if","locations":[{"start":{"line":576,"column":4},"end":{"line":583,"column":5}}]},"47":{"loc":{"start":{"line":576,"column":8},"end":{"line":576,"column":46}},"type":"binary-expr","locations":[{"start":{"line":576,"column":8},"end":{"line":576,"column":25}},{"start":{"line":576,"column":29},"end":{"line":576,"column":46}}]},"48":{"loc":{"start":{"line":577,"column":20},"end":{"line":579,"column":14}},"type":"cond-expr","locations":[{"start":{"line":578,"column":10},"end":{"line":578,"column":68}},{"start":{"line":579,"column":10},"end":{"line":579,"column":14}}]},"49":{"loc":{"start":{"line":580,"column":6},"end":{"line":580,"column":35}},"type":"if","locations":[{"start":{"line":580,"column":6},"end":{"line":580,"column":35}}]},"50":{"loc":{"start":{"line":597,"column":4},"end":{"line":599,"column":5}},"type":"if","locations":[{"start":{"line":597,"column":4},"end":{"line":599,"column":5}}]},"51":{"loc":{"start":{"line":604,"column":4},"end":{"line":606,"column":5}},"type":"if","locations":[{"start":{"line":604,"column":4},"end":{"line":606,"column":5}}]},"52":{"loc":{"start":{"line":632,"column":29},"end":{"line":632,"column":44}},"type":"binary-expr","locations":[{"start":{"line":632,"column":29},"end":{"line":632,"column":39}},{"start":{"line":632,"column":43},"end":{"line":632,"column":44}}]},"53":{"loc":{"start":{"line":633,"column":66},"end":{"line":633,"column":83}},"type":"binary-expr","locations":[{"start":{"line":633,"column":66},"end":{"line":633,"column":77}},{"start":{"line":633,"column":81},"end":{"line":633,"column":83}}]}},"s":{"0":6,"1":6,"2":6,"3":6,"4":6,"5":6,"6":6,"7":6,"8":6,"9":6,"10":6,"11":9,"12":9,"13":6,"14":49,"15":49,"16":49,"17":49,"18":49,"19":49,"20":49,"21":49,"22":49,"23":54,"24":54,"25":2,"26":52,"27":4,"28":48,"29":48,"30":1,"31":47,"32":47,"33":47,"34":47,"35":47,"36":47,"37":24,"38":20,"39":18,"40":18,"41":17,"42":16,"43":14,"44":14,"45":28,"46":28,"47":1,"48":1,"49":14,"50":14,"51":14,"52":14,"53":1,"54":13,"55":14,"56":0,"57":14,"58":14,"59":3,"60":3,"61":3,"62":3,"63":3,"64":4,"65":4,"66":1,"67":4,"68":4,"69":0,"70":4,"71":4,"72":4,"73":4,"74":4,"75":4,"76":4,"77":3,"78":1,"79":1,"80":1,"81":1,"82":4,"83":4,"84":4,"85":4,"86":4,"87":4,"88":8,"89":9,"90":9,"91":1,"92":8,"93":1,"94":7,"95":1,"96":6,"97":6,"98":1,"99":1,"100":1,"101":0,"102":80,"103":80,"104":1,"105":79,"106":2,"107":3,"108":5,"109":5,"110":7,"111":7,"112":1,"113":1,"114":6,"115":2,"116":2,"117":4,"118":4,"119":1,"120":5,"121":4,"122":5,"123":44,"124":43,"125":43,"126":43,"127":43,"128":43,"129":42,"130":26,"131":23,"132":3,"133":3,"134":3,"135":1,"136":0,"137":1,"138":0,"139":1,"140":1,"141":3,"142":3,"143":3,"144":3,"145":77,"146":77,"147":1,"148":76,"149":72,"150":1,"151":126,"152":126,"153":3,"154":3,"155":5,"156":5,"157":5,"158":5,"159":6,"160":6},"f":{"0":9,"1":49,"2":54,"3":24,"4":20,"5":18,"6":14,"7":14,"8":3,"9":4,"10":4,"11":4,"12":4,"13":8,"14":9,"15":1,"16":80,"17":2,"18":3,"19":5,"20":44,"21":26,"22":0,"23":77,"24":72,"25":126,"26":5},"b":{"0":[2,7],"1":[2],"2":[54,3],"3":[4],"4":[1],"5":[48,46],"6":[1,46],"7":[47,46],"8":[47,45],"9":[47,45],"10":[47,45],"11":[47,46],"12":[47,46],"13":[47,46],"14":[47,47],"15":[1,46],"16":[1,46],"17":[1],"18":[0],"19":[1],"20":[4],"21":[0],"22":[4,4],"23":[1],"24":[2],"25":[3],"26":[4,2],"27":[4,3],"28":[4,3],"29":[4,1],"30":[1],"31":[1],"32":[1],"33":[1],"34":[1,1],"35":[1],"36":[1],"37":[2],"38":[1,0],"39":[4],"40":[20,23],"41":[43],"42":[1,42],"43":[1,41],"44":[23],"45":[26,3],"46":[1],"47":[3,2],"48":[1,0],"49":[0],"50":[1],"51":[1],"52":[5,5],"53":[5,5]}}
,"G:\\VsCode\\Hydromart\\services\\delivery-service\\src\\application\\services\\incident.service.ts": {"path":"G:\\VsCode\\Hydromart\\services\\delivery-service\\src\\application\\services\\incident.service.ts","statementMap":{"0":{"start":{"line":1,"column":0},"end":{"line":1,"column":60}},"1":{"start":{"line":3,"column":0},"end":{"line":3,"column":91}},"2":{"start":{"line":6,"column":0},"end":{"line":6,"column":44}},"3":{"start":{"line":21,"column":42},"end":{"line":21,"column":44}},"4":{"start":{"line":22,"column":28},"end":{"line":22,"column":60}},"5":{"start":{"line":25,"column":65},"end":{"line":25,"column":94}},"6":{"start":{"line":26,"column":58},"end":{"line":26,"column":78}},"7":{"start":{"line":32,"column":21},"end":{"line":42,"column":6}},"8":{"start":{"line":43,"column":4},"end":{"line":43,"column":115}},"9":{"start":{"line":45,"column":4},"end":{"line":51,"column":5}},"10":{"start":{"line":46,"column":6},"end":{"line":50,"column":9}},"11":{"start":{"line":52,"column":4},"end":{"line":52,"column":20}},"12":{"start":{"line":56,"column":4},"end":{"line":56,"column":80}},"13":{"start":{"line":20,"column":13},"end":{"line":20,"column":28}},"14":{"start":{"line":20,"column":13},"end":{"line":58,"column":null}}},"fnMap":{"0":{"name":"(anonymous_4)","decl":{"start":{"line":24,"column":2},"end":{"line":24,"column":null}},"loc":{"start":{"line":26,"column":78},"end":{"line":27,"column":6}}},"1":{"name":"(anonymous_5)","decl":{"start":{"line":31,"column":2},"end":{"line":31,"column":7}},"loc":{"start":{"line":31,"column":57},"end":{"line":53,"column":3}}},"2":{"name":"(anonymous_6)","decl":{"start":{"line":55,"column":2},"end":{"line":55,"column":7}},"loc":{"start":{"line":55,"column":38},"end":{"line":57,"column":3}}}},"branchMap":{"0":{"loc":{"start":{"line":34,"column":18},"end":{"line":34,"column":41}},"type":"binary-expr","locations":[{"start":{"line":34,"column":18},"end":{"line":34,"column":33}},{"start":{"line":34,"column":37},"end":{"line":34,"column":41}}]},"1":{"loc":{"start":{"line":35,"column":15},"end":{"line":35,"column":35}},"type":"binary-expr","locations":[{"start":{"line":35,"column":15},"end":{"line":35,"column":27}},{"start":{"line":35,"column":31},"end":{"line":35,"column":35}}]},"2":{"loc":{"start":{"line":39,"column":16},"end":{"line":39,"column":37}},"type":"binary-expr","locations":[{"start":{"line":39,"column":16},"end":{"line":39,"column":29}},{"start":{"line":39,"column":33},"end":{"line":39,"column":37}}]},"3":{"loc":{"start":{"line":40,"column":11},"end":{"line":40,"column":27}},"type":"binary-expr","locations":[{"start":{"line":40,"column":11},"end":{"line":40,"column":19}},{"start":{"line":40,"column":23},"end":{"line":40,"column":27}}]},"4":{"loc":{"start":{"line":41,"column":11},"end":{"line":41,"column":27}},"type":"binary-expr","locations":[{"start":{"line":41,"column":11},"end":{"line":41,"column":19}},{"start":{"line":41,"column":23},"end":{"line":41,"column":27}}]},"5":{"loc":{"start":{"line":45,"column":4},"end":{"line":51,"column":5}},"type":"if","locations":[{"start":{"line":45,"column":4},"end":{"line":51,"column":5}}]}},"s":{"0":6,"1":6,"2":6,"3":6,"4":7,"5":7,"6":7,"7":5,"8":5,"9":5,"10":2,"11":5,"12":1,"13":6,"14":6},"f":{"0":7,"1":5,"2":1},"b":{"0":[5,5],"1":[5,5],"2":[5,5],"3":[5,5],"4":[5,5],"5":[2]}}
,"G:\\VsCode\\Hydromart\\services\\delivery-service\\src\\application\\services\\performance.service.ts": {"path":"G:\\VsCode\\Hydromart\\services\\delivery-service\\src\\application\\services\\performance.service.ts","statementMap":{"0":{"start":{"line":1,"column":0},"end":{"line":1,"column":52}},"1":{"start":{"line":3,"column":0},"end":{"line":3,"column":77}},"2":{"start":{"line":4,"column":0},"end":{"line":4,"column":98}},"3":{"start":{"line":7,"column":0},"end":{"line":7,"column":44}},"4":{"start":{"line":37,"column":7},"end":{"line":115,"column":null}},"5":{"start":{"line":39,"column":65},"end":{"line":39,"column":95}},"6":{"start":{"line":40,"column":53},"end":{"line":40,"column":71}},"7":{"start":{"line":41,"column":21},"end":{"line":41,"column":29}},"8":{"start":{"line":49,"column":17},"end":{"line":49,"column":41}},"9":{"start":{"line":50,"column":17},"end":{"line":50,"column":35}},"10":{"start":{"line":51,"column":16},"end":{"line":51,"column":55}},"11":{"start":{"line":53,"column":67},"end":{"line":63,"column":6}},"12":{"start":{"line":65,"column":33},"end":{"line":68,"column":6}},"13":{"start":{"line":66,"column":44},"end":{"line":66,"column":53}},"14":{"start":{"line":67,"column":48},"end":{"line":67,"column":57}},"15":{"start":{"line":70,"column":19},"end":{"line":70,"column":42}},"16":{"start":{"line":71,"column":19},"end":{"line":73,"column":12}},"17":{"start":{"line":72,"column":13},"end":{"line":72,"column":78}},"18":{"start":{"line":74,"column":22},"end":{"line":74,"column":33}},"19":{"start":{"line":79,"column":6},"end":{"line":81,"column":67}},"20":{"start":{"line":81,"column":40},"end":{"line":81,"column":59}},"21":{"start":{"line":85,"column":6},"end":{"line":87,"column":77}},"22":{"start":{"line":87,"column":44},"end":{"line":87,"column":69}},"23":{"start":{"line":88,"column":19},"end":{"line":88,"column":67}},"24":{"start":{"line":90,"column":4},"end":{"line":105,"column":6}},"25":{"start":{"line":109,"column":19},"end":{"line":109,"column":40}},"26":{"start":{"line":110,"column":4},"end":{"line":112,"column":5}},"27":{"start":{"line":111,"column":6},"end":{"line":111,"column":54}},"28":{"start":{"line":113,"column":4},"end":{"line":113,"column":18}},"29":{"start":{"line":37,"column":13},"end":{"line":37,"column":31}},"30":{"start":{"line":37,"column":13},"end":{"line":115,"column":null}},"31":{"start":{"line":118,"column":2},"end":{"line":118,"column":53}}},"fnMap":{"0":{"name":"(anonymous_4)","decl":{"start":{"line":38,"column":2},"end":{"line":38,"column":null}},"loc":{"start":{"line":41,"column":50},"end":{"line":42,"column":6}}},"1":{"name":"(anonymous_5)","decl":{"start":{"line":44,"column":2},"end":{"line":44,"column":7}},"loc":{"start":{"line":47,"column":20},"end":{"line":106,"column":3}}},"2":{"name":"(anonymous_6)","decl":{"start":{"line":66,"column":37},"end":{"line":66,"column":38}},"loc":{"start":{"line":66,"column":44},"end":{"line":66,"column":53}}},"3":{"name":"(anonymous_7)","decl":{"start":{"line":67,"column":41},"end":{"line":67,"column":42}},"loc":{"start":{"line":67,"column":48},"end":{"line":67,"column":57}}},"4":{"name":"(anonymous_8)","decl":{"start":{"line":72,"column":6},"end":{"line":72,"column":7}},"loc":{"start":{"line":72,"column":13},"end":{"line":72,"column":78}}},"5":{"name":"(anonymous_9)","decl":{"start":{"line":81,"column":33},"end":{"line":81,"column":34}},"loc":{"start":{"line":81,"column":40},"end":{"line":81,"column":59}}},"6":{"name":"(anonymous_10)","decl":{"start":{"line":87,"column":37},"end":{"line":87,"column":38}},"loc":{"start":{"line":87,"column":44},"end":{"line":87,"column":69}}},"7":{"name":"(anonymous_11)","decl":{"start":{"line":108,"column":10},"end":{"line":108,"column":16}},"loc":{"start":{"line":108,"column":55},"end":{"line":114,"column":3}}},"8":{"name":"round1","decl":{"start":{"line":117,"column":9},"end":{"line":117,"column":15}},"loc":{"start":{"line":117,"column":32},"end":{"line":119,"column":1}}}},"branchMap":{"0":{"loc":{"start":{"line":51,"column":39},"end":{"line":51,"column":54}},"type":"binary-expr","locations":[{"start":{"line":51,"column":39},"end":{"line":51,"column":46}},{"start":{"line":51,"column":50},"end":{"line":51,"column":54}}]},"1":{"loc":{"start":{"line":57,"column":6},"end":{"line":59,"column":29}},"type":"cond-expr","locations":[{"start":{"line":58,"column":10},"end":{"line":58,"column":83}},{"start":{"line":59,"column":10},"end":{"line":59,"column":29}}]},"2":{"loc":{"start":{"line":60,"column":6},"end":{"line":62,"column":29}},"type":"cond-expr","locations":[{"start":{"line":61,"column":10},"end":{"line":61,"column":83}},{"start":{"line":62,"column":10},"end":{"line":62,"column":29}}]},"3":{"loc":{"start":{"line":79,"column":6},"end":{"line":81,"column":67}},"type":"cond-expr","locations":[{"start":{"line":80,"column":10},"end":{"line":80,"column":14}},{"start":{"line":81,"column":10},"end":{"line":81,"column":67}}]},"4":{"loc":{"start":{"line":85,"column":6},"end":{"line":87,"column":77}},"type":"cond-expr","locations":[{"start":{"line":86,"column":10},"end":{"line":86,"column":14}},{"start":{"line":87,"column":10},"end":{"line":87,"column":77}}]},"5":{"loc":{"start":{"line":85,"column":6},"end":{"line":85,"column":52}},"type":"binary-expr","locations":[{"start":{"line":85,"column":6},"end":{"line":85,"column":27}},{"start":{"line":85,"column":31},"end":{"line":85,"column":52}}]},"6":{"loc":{"start":{"line":88,"column":51},"end":{"line":88,"column":66}},"type":"binary-expr","locations":[{"start":{"line":88,"column":51},"end":{"line":88,"column":58}},{"start":{"line":88,"column":62},"end":{"line":88,"column":66}}]},"7":{"loc":{"start":{"line":96,"column":18},"end":{"line":96,"column":58}},"type":"cond-expr","locations":[{"start":{"line":96,"column":36},"end":{"line":96,"column":37}},{"start":{"line":96,"column":40},"end":{"line":96,"column":58}}]},"8":{"loc":{"start":{"line":118,"column":9},"end":{"line":118,"column":52}},"type":"cond-expr","locations":[{"start":{"line":118,"column":22},"end":{"line":118,"column":26}},{"start":{"line":118,"column":29},"end":{"line":118,"column":52}}]}},"s":{"0":6,"1":6,"2":6,"3":6,"4":6,"5":9,"6":9,"7":9,"8":5,"9":5,"10":5,"11":5,"12":5,"13":6,"14":2,"15":5,"16":5,"17":6,"18":5,"19":5,"20":5,"21":5,"22":2,"23":5,"24":5,"25":5,"26":5,"27":6,"28":5,"29":6,"30":6,"31":10},"f":{"0":9,"1":5,"2":6,"3":2,"4":6,"5":5,"6":2,"7":5,"8":10},"b":{"0":[5,2],"1":[3,2],"2":[3,2],"3":[2,3],"4":[4,1],"5":[5,3],"6":[5,2],"7":[1,4],"8":[9,1]}}
,"G:\\VsCode\\Hydromart\\services\\delivery-service\\src\\application\\services\\report.service.ts": {"path":"G:\\VsCode\\Hydromart\\services\\delivery-service\\src\\application\\services\\report.service.ts","statementMap":{"0":{"start":{"line":1,"column":0},"end":{"line":1,"column":52}},"1":{"start":{"line":3,"column":0},"end":{"line":3,"column":77}},"2":{"start":{"line":7,"column":0},"end":{"line":7,"column":44}},"3":{"start":{"line":58,"column":7},"end":{"line":141,"column":null}},"4":{"start":{"line":60,"column":65},"end":{"line":60,"column":95}},"5":{"start":{"line":62,"column":21},"end":{"line":62,"column":54}},"6":{"start":{"line":63,"column":53},"end":{"line":63,"column":71}},"7":{"start":{"line":64,"column":21},"end":{"line":64,"column":29}},"8":{"start":{"line":75,"column":22},"end":{"line":75,"column":66}},"9":{"start":{"line":76,"column":14},"end":{"line":76,"column":72}},"10":{"start":{"line":77,"column":4},"end":{"line":88,"column":6}},"11":{"start":{"line":95,"column":22},"end":{"line":95,"column":66}},"12":{"start":{"line":96,"column":18},"end":{"line":96,"column":73}},"13":{"start":{"line":97,"column":4},"end":{"line":110,"column":6}},"14":{"start":{"line":101,"column":32},"end":{"line":109,"column":8}},"15":{"start":{"line":114,"column":34},"end":{"line":117,"column":6}},"16":{"start":{"line":118,"column":22},"end":{"line":118,"column":53}},"17":{"start":{"line":121,"column":21},"end":{"line":135,"column":null}},"18":{"start":{"line":123,"column":23},"end":{"line":123,"column":101}},"19":{"start":{"line":123,"column":83},"end":{"line":123,"column":99}},"20":{"start":{"line":124,"column":23},"end":{"line":127,"column":16}},"21":{"start":{"line":126,"column":12},"end":{"line":126,"column":98}},"22":{"start":{"line":128,"column":8},"end":{"line":134,"column":10}},"23":{"start":{"line":137,"column":4},"end":{"line":137,"column":86}},"24":{"start":{"line":137,"column":28},"end":{"line":137,"column":84}},"25":{"start":{"line":138,"column":4},"end":{"line":138,"column":76}},"26":{"start":{"line":138,"column":29},"end":{"line":138,"column":74}},"27":{"start":{"line":139,"column":4},"end":{"line":139,"column":83}},"28":{"start":{"line":58,"column":13},"end":{"line":58,"column":26}},"29":{"start":{"line":58,"column":13},"end":{"line":141,"column":null}}},"fnMap":{"0":{"name":"(anonymous_4)","decl":{"start":{"line":59,"column":2},"end":{"line":59,"column":null}},"loc":{"start":{"line":64,"column":50},"end":{"line":65,"column":6}}},"1":{"name":"(anonymous_5)","decl":{"start":{"line":67,"column":2},"end":{"line":67,"column":7}},"loc":{"start":{"line":70,"column":23},"end":{"line":89,"column":3}}},"2":{"name":"(anonymous_6)","decl":{"start":{"line":92,"column":2},"end":{"line":92,"column":7}},"loc":{"start":{"line":92,"column":64},"end":{"line":111,"column":3}}},"3":{"name":"(anonymous_7)","decl":{"start":{"line":101,"column":24},"end":{"line":101,"column":25}},"loc":{"start":{"line":101,"column":32},"end":{"line":109,"column":8}}},"4":{"name":"(anonymous_8)","decl":{"start":{"line":113,"column":2},"end":{"line":113,"column":7}},"loc":{"start":{"line":113,"column":55},"end":{"line":140,"column":3}}},"5":{"name":"(anonymous_9)","decl":{"start":{"line":122,"column":19},"end":{"line":122,"column":24}},"loc":{"start":{"line":122,"column":33},"end":{"line":135,"column":7}}},"6":{"name":"(anonymous_10)","decl":{"start":{"line":123,"column":69},"end":{"line":123,"column":70}},"loc":{"start":{"line":123,"column":83},"end":{"line":123,"column":99}}},"7":{"name":"(anonymous_11)","decl":{"start":{"line":125,"column":10},"end":{"line":125,"column":11}},"loc":{"start":{"line":126,"column":12},"end":{"line":126,"column":98}}},"8":{"name":"(anonymous_12)","decl":{"start":{"line":137,"column":18},"end":{"line":137,"column":19}},"loc":{"start":{"line":137,"column":28},"end":{"line":137,"column":84}}},"9":{"name":"(anonymous_13)","decl":{"start":{"line":138,"column":19},"end":{"line":138,"column":20}},"loc":{"start":{"line":138,"column":29},"end":{"line":138,"column":74}}}},"branchMap":{"0":{"loc":{"start":{"line":75,"column":22},"end":{"line":75,"column":66}},"type":"binary-expr","locations":[{"start":{"line":75,"column":22},"end":{"line":75,"column":38}},{"start":{"line":75,"column":42},"end":{"line":75,"column":66}}]},"1":{"loc":{"start":{"line":78,"column":12},"end":{"line":78,"column":56}},"type":"cond-expr","locations":[{"start":{"line":78,"column":25},"end":{"line":78,"column":49}},{"start":{"line":78,"column":52},"end":{"line":78,"column":56}}]},"2":{"loc":{"start":{"line":79,"column":10},"end":{"line":79,"column":50}},"type":"cond-expr","locations":[{"start":{"line":79,"column":21},"end":{"line":79,"column":43}},{"start":{"line":79,"column":46},"end":{"line":79,"column":50}}]},"3":{"loc":{"start":{"line":84,"column":15},"end":{"line":84,"column":71}},"type":"cond-expr","locations":[{"start":{"line":84,"column":40},"end":{"line":84,"column":41}},{"start":{"line":84,"column":44},"end":{"line":84,"column":71}}]},"4":{"loc":{"start":{"line":86,"column":8},"end":{"line":86,"column":95}},"type":"cond-expr","locations":[{"start":{"line":86,"column":33},"end":{"line":86,"column":37}},{"start":{"line":86,"column":40},"end":{"line":86,"column":95}}]},"5":{"loc":{"start":{"line":95,"column":22},"end":{"line":95,"column":66}},"type":"binary-expr","locations":[{"start":{"line":95,"column":22},"end":{"line":95,"column":38}},{"start":{"line":95,"column":42},"end":{"line":95,"column":66}}]},"6":{"loc":{"start":{"line":98,"column":12},"end":{"line":98,"column":56}},"type":"cond-expr","locations":[{"start":{"line":98,"column":25},"end":{"line":98,"column":49}},{"start":{"line":98,"column":52},"end":{"line":98,"column":56}}]},"7":{"loc":{"start":{"line":99,"column":10},"end":{"line":99,"column":50}},"type":"cond-expr","locations":[{"start":{"line":99,"column":21},"end":{"line":99,"column":43}},{"start":{"line":99,"column":46},"end":{"line":99,"column":50}}]},"8":{"loc":{"start":{"line":106,"column":17},"end":{"line":106,"column":73}},"type":"cond-expr","locations":[{"start":{"line":106,"column":42},"end":{"line":106,"column":43}},{"start":{"line":106,"column":46},"end":{"line":106,"column":73}}]},"9":{"loc":{"start":{"line":108,"column":10},"end":{"line":108,"column":97}},"type":"cond-expr","locations":[{"start":{"line":108,"column":35},"end":{"line":108,"column":39}},{"start":{"line":108,"column":42},"end":{"line":108,"column":97}}]},"10":{"loc":{"start":{"line":131,"column":22},"end":{"line":131,"column":84}},"type":"cond-expr","locations":[{"start":{"line":131,"column":51},"end":{"line":131,"column":52}},{"start":{"line":131,"column":55},"end":{"line":131,"column":84}}]},"11":{"loc":{"start":{"line":133,"column":18},"end":{"line":133,"column":87}},"type":"cond-expr","locations":[{"start":{"line":133,"column":44},"end":{"line":133,"column":48}},{"start":{"line":133,"column":51},"end":{"line":133,"column":87}}]},"12":{"loc":{"start":{"line":137,"column":28},"end":{"line":137,"column":84}},"type":"binary-expr","locations":[{"start":{"line":137,"column":28},"end":{"line":137,"column":53}},{"start":{"line":137,"column":57},"end":{"line":137,"column":84}}]}},"s":{"0":9,"1":9,"2":9,"3":9,"4":15,"5":15,"6":15,"7":15,"8":6,"9":6,"10":6,"11":3,"12":3,"13":3,"14":5,"15":4,"16":4,"17":4,"18":5,"19":6,"20":5,"21":6,"22":5,"23":4,"24":2,"25":4,"26":1,"27":4,"28":9,"29":9},"f":{"0":15,"1":6,"2":3,"3":5,"4":4,"5":5,"6":6,"7":6,"8":2,"9":1},"b":{"0":[6,5],"1":[1,5],"2":[1,5],"3":[2,4],"4":[2,4],"5":[3,3],"6":[1,2],"7":[1,2],"8":[1,4],"9":[1,4],"10":[2,3],"11":[2,3],"12":[2,1]}}
,"G:\\VsCode\\Hydromart\\services\\delivery-service\\src\\application\\services\\settings.service.ts": {"path":"G:\\VsCode\\Hydromart\\services\\delivery-service\\src\\application\\services\\settings.service.ts","statementMap":{"0":{"start":{"line":1,"column":0},"end":{"line":1,"column":52}},"1":{"start":{"line":2,"column":0},"end":{"line":2,"column":74}},"2":{"start":{"line":4,"column":0},"end":{"line":4,"column":87}},"3":{"start":{"line":5,"column":0},"end":{"line":5,"column":77}},"4":{"start":{"line":13,"column":7},"end":{"line":20,"column":null}},"5":{"start":{"line":18,"column":4},"end":{"line":18,"column":57}},"6":{"start":{"line":13,"column":13},"end":{"line":13,"column":28}},"7":{"start":{"line":13,"column":13},"end":{"line":20,"column":null}}},"fnMap":{"0":{"name":"(anonymous_4)","decl":{"start":{"line":14,"column":2},"end":{"line":14,"column":null}},"loc":{"start":{"line":16,"column":24},"end":{"line":19,"column":3}}}},"branchMap":{},"s":{"0":7,"1":7,"2":7,"3":7,"4":7,"5":16,"6":7,"7":7},"f":{"0":16},"b":{}}
,"G:\\VsCode\\Hydromart\\services\\delivery-service\\src\\application\\services\\settlement.service.ts": {"path":"G:\\VsCode\\Hydromart\\services\\delivery-service\\src\\application\\services\\settlement.service.ts","statementMap":{"0":{"start":{"line":1,"column":0},"end":{"line":1,"column":60}},"1":{"start":{"line":3,"column":0},"end":{"line":3,"column":75}},"2":{"start":{"line":5,"column":0},"end":{"line":5,"column":null}},"3":{"start":{"line":13,"column":0},"end":{"line":13,"column":101}},"4":{"start":{"line":14,"column":0},"end":{"line":14,"column":49}},"5":{"start":{"line":20,"column":0},"end":{"line":20,"column":44}},"6":{"start":{"line":29,"column":42},"end":{"line":29,"column":44}},"7":{"start":{"line":30,"column":28},"end":{"line":30,"column":62}},"8":{"start":{"line":34,"column":21},"end":{"line":34,"column":54}},"9":{"start":{"line":35,"column":62},"end":{"line":35,"column":85}},"10":{"start":{"line":36,"column":65},"end":{"line":36,"column":95}},"11":{"start":{"line":37,"column":61},"end":{"line":37,"column":85}},"12":{"start":{"line":38,"column":60},"end":{"line":38,"column":85}},"13":{"start":{"line":53,"column":18},"end":{"line":53,"column":53}},"14":{"start":{"line":54,"column":4},"end":{"line":56,"column":5}},"15":{"start":{"line":55,"column":6},"end":{"line":55,"column":37}},"16":{"start":{"line":57,"column":4},"end":{"line":59,"column":5}},"17":{"start":{"line":58,"column":6},"end":{"line":58,"column":37}},"18":{"start":{"line":60,"column":4},"end":{"line":62,"column":5}},"19":{"start":{"line":61,"column":6},"end":{"line":61,"column":47}},"20":{"start":{"line":64,"column":21},"end":{"line":67,"column":null}},"21":{"start":{"line":71,"column":4},"end":{"line":77,"column":5}},"22":{"start":{"line":72,"column":24},"end":{"line":72,"column":77}},"23":{"start":{"line":73,"column":6},"end":{"line":73,"column":51}},"24":{"start":{"line":75,"column":6},"end":{"line":75,"column":104}},"25":{"start":{"line":76,"column":6},"end":{"line":76,"column":38}},"26":{"start":{"line":79,"column":22},"end":{"line":79,"column":49}},"27":{"start":{"line":80,"column":23},"end":{"line":88,"column":6}},"28":{"start":{"line":89,"column":4},"end":{"line":91,"column":6}},"29":{"start":{"line":92,"column":4},"end":{"line":92,"column":22}},"30":{"start":{"line":97,"column":20},"end":{"line":97,"column":28}},"31":{"start":{"line":98,"column":23},"end":{"line":98,"column":54}},"32":{"start":{"line":100,"column":20},"end":{"line":100,"column":88}},"33":{"start":{"line":101,"column":4},"end":{"line":101,"column":92}},"34":{"start":{"line":102,"column":21},"end":{"line":108,"column":6}},"35":{"start":{"line":111,"column":4},"end":{"line":118,"column":5}},"36":{"start":{"line":112,"column":6},"end":{"line":117,"column":9}},"37":{"start":{"line":119,"column":4},"end":{"line":119,"column":20}},"38":{"start":{"line":124,"column":20},"end":{"line":124,"column":28}},"39":{"start":{"line":125,"column":4},"end":{"line":125,"column":36}},"40":{"start":{"line":126,"column":4},"end":{"line":126,"column":63}},"41":{"start":{"line":127,"column":4},"end":{"line":133,"column":7}},"42":{"start":{"line":137,"column":4},"end":{"line":137,"column":84}},"43":{"start":{"line":141,"column":23},"end":{"line":141,"column":58}},"44":{"start":{"line":143,"column":4},"end":{"line":145,"column":5}},"45":{"start":{"line":144,"column":6},"end":{"line":144,"column":42}},"46":{"start":{"line":146,"column":4},"end":{"line":146,"column":22}},"47":{"start":{"line":151,"column":4},"end":{"line":151,"column":56}},"48":{"start":{"line":155,"column":23},"end":{"line":155,"column":58}},"49":{"start":{"line":156,"column":4},"end":{"line":158,"column":5}},"50":{"start":{"line":157,"column":6},"end":{"line":157,"column":42}},"51":{"start":{"line":160,"column":4},"end":{"line":160,"column":48}},"52":{"start":{"line":161,"column":4},"end":{"line":163,"column":5}},"53":{"start":{"line":162,"column":6},"end":{"line":162,"column":46}},"54":{"start":{"line":164,"column":4},"end":{"line":164,"column":22}},"55":{"start":{"line":28,"column":13},"end":{"line":28,"column":30}},"56":{"start":{"line":28,"column":13},"end":{"line":166,"column":null}}},"fnMap":{"0":{"name":"(anonymous_4)","decl":{"start":{"line":32,"column":2},"end":{"line":32,"column":null}},"loc":{"start":{"line":38,"column":85},"end":{"line":39,"column":6}}},"1":{"name":"(anonymous_5)","decl":{"start":{"line":47,"column":2},"end":{"line":47,"column":7}},"loc":{"start":{"line":51,"column":25},"end":{"line":93,"column":3}}},"2":{"name":"(anonymous_6)","decl":{"start":{"line":96,"column":2},"end":{"line":96,"column":7}},"loc":{"start":{"line":96,"column":71},"end":{"line":120,"column":3}}},"3":{"name":"(anonymous_7)","decl":{"start":{"line":123,"column":2},"end":{"line":123,"column":7}},"loc":{"start":{"line":123,"column":65},"end":{"line":134,"column":3}}},"4":{"name":"(anonymous_8)","decl":{"start":{"line":136,"column":2},"end":{"line":136,"column":7}},"loc":{"start":{"line":136,"column":38},"end":{"line":138,"column":3}}},"5":{"name":"(anonymous_9)","decl":{"start":{"line":140,"column":2},"end":{"line":140,"column":7}},"loc":{"start":{"line":140,"column":49},"end":{"line":147,"column":3}}},"6":{"name":"(anonymous_10)","decl":{"start":{"line":150,"column":2},"end":{"line":150,"column":7}},"loc":{"start":{"line":150,"column":65},"end":{"line":152,"column":3}}},"7":{"name":"(anonymous_11)","decl":{"start":{"line":154,"column":10},"end":{"line":154,"column":15}},"loc":{"start":{"line":154,"column":62},"end":{"line":165,"column":3}}}},"branchMap":{"0":{"loc":{"start":{"line":54,"column":4},"end":{"line":56,"column":5}},"type":"if","locations":[{"start":{"line":54,"column":4},"end":{"line":56,"column":5}}]},"1":{"loc":{"start":{"line":54,"column":8},"end":{"line":54,"column":45}},"type":"binary-expr","locations":[{"start":{"line":54,"column":8},"end":{"line":54,"column":14}},{"start":{"line":54,"column":18},"end":{"line":54,"column":45}}]},"2":{"loc":{"start":{"line":57,"column":4},"end":{"line":59,"column":5}},"type":"if","locations":[{"start":{"line":57,"column":4},"end":{"line":59,"column":5}}]},"3":{"loc":{"start":{"line":57,"column":8},"end":{"line":57,"column":63}},"type":"binary-expr","locations":[{"start":{"line":57,"column":8},"end":{"line":57,"column":42}},{"start":{"line":57,"column":46},"end":{"line":57,"column":63}}]},"4":{"loc":{"start":{"line":60,"column":4},"end":{"line":62,"column":5}},"type":"if","locations":[{"start":{"line":60,"column":4},"end":{"line":62,"column":5}}]},"5":{"loc":{"start":{"line":100,"column":20},"end":{"line":100,"column":88}},"type":"binary-expr","locations":[{"start":{"line":100,"column":21},"end":{"line":100,"column":42}},{"start":{"line":100,"column":46},"end":{"line":100,"column":51}},{"start":{"line":100,"column":56},"end":{"line":100,"column":88}}]},"6":{"loc":{"start":{"line":105,"column":12},"end":{"line":105,"column":30}},"type":"binary-expr","locations":[{"start":{"line":105,"column":12},"end":{"line":105,"column":22}},{"start":{"line":105,"column":26},"end":{"line":105,"column":30}}]},"7":{"loc":{"start":{"line":111,"column":4},"end":{"line":118,"column":5}},"type":"if","locations":[{"start":{"line":111,"column":4},"end":{"line":118,"column":5}}]},"8":{"loc":{"start":{"line":143,"column":4},"end":{"line":145,"column":5}},"type":"if","locations":[{"start":{"line":143,"column":4},"end":{"line":145,"column":5}}]},"9":{"loc":{"start":{"line":143,"column":8},"end":{"line":143,"column":55}},"type":"binary-expr","locations":[{"start":{"line":143,"column":8},"end":{"line":143,"column":19}},{"start":{"line":143,"column":23},"end":{"line":143,"column":55}}]},"10":{"loc":{"start":{"line":156,"column":4},"end":{"line":158,"column":5}},"type":"if","locations":[{"start":{"line":156,"column":4},"end":{"line":158,"column":5}}]},"11":{"loc":{"start":{"line":161,"column":4},"end":{"line":163,"column":5}},"type":"if","locations":[{"start":{"line":161,"column":4},"end":{"line":163,"column":5}}]}},"s":{"0":7,"1":7,"2":7,"3":7,"4":7,"5":7,"6":7,"7":22,"8":22,"9":22,"10":22,"11":22,"12":22,"13":13,"14":13,"15":1,"16":12,"17":1,"18":11,"19":1,"20":10,"21":10,"22":10,"23":9,"24":1,"25":1,"26":9,"27":9,"28":9,"29":9,"30":7,"31":7,"32":4,"33":4,"34":4,"35":4,"36":2,"37":4,"38":2,"39":2,"40":1,"41":1,"42":1,"43":5,"44":5,"45":4,"46":1,"47":2,"48":9,"49":9,"50":1,"51":8,"52":6,"53":1,"54":5,"55":7,"56":7},"f":{"0":22,"1":13,"2":7,"3":2,"4":1,"5":5,"6":2,"7":9},"b":{"0":[1],"1":[13,13],"2":[1],"3":[12,11],"4":[1],"5":[4,1,3],"6":[4,4],"7":[2],"8":[4],"9":[5,4],"10":[1],"11":[1]}}
,"G:\\VsCode\\Hydromart\\services\\delivery-service\\src\\application\\services\\shift.service.ts": {"path":"G:\\VsCode\\Hydromart\\services\\delivery-service\\src\\application\\services\\shift.service.ts","statementMap":{"0":{"start":{"line":1,"column":0},"end":{"line":1,"column":60}},"1":{"start":{"line":3,"column":0},"end":{"line":3,"column":77}},"2":{"start":{"line":4,"column":0},"end":{"line":4,"column":null}},"3":{"start":{"line":11,"column":0},"end":{"line":11,"column":51}},"4":{"start":{"line":12,"column":0},"end":{"line":12,"column":55}},"5":{"start":{"line":13,"column":0},"end":{"line":13,"column":null}},"6":{"start":{"line":24,"column":0},"end":{"line":24,"column":44}},"7":{"start":{"line":34,"column":42},"end":{"line":34,"column":44}},"8":{"start":{"line":35,"column":28},"end":{"line":35,"column":57}},"9":{"start":{"line":38,"column":62},"end":{"line":38,"column":85}},"10":{"start":{"line":39,"column":60},"end":{"line":39,"column":85}},"11":{"start":{"line":40,"column":21},"end":{"line":40,"column":29}},"12":{"start":{"line":55,"column":4},"end":{"line":57,"column":5}},"13":{"start":{"line":56,"column":6},"end":{"line":56,"column":40}},"14":{"start":{"line":59,"column":18},"end":{"line":59,"column":47}},"15":{"start":{"line":60,"column":21},"end":{"line":60,"column":68}},"16":{"start":{"line":61,"column":19},"end":{"line":61,"column":64}},"17":{"start":{"line":62,"column":4},"end":{"line":64,"column":5}},"18":{"start":{"line":63,"column":6},"end":{"line":63,"column":50}},"19":{"start":{"line":68,"column":16},"end":{"line":68,"column":96}},"20":{"start":{"line":69,"column":18},"end":{"line":76,"column":6}},"21":{"start":{"line":77,"column":4},"end":{"line":77,"column":90}},"22":{"start":{"line":78,"column":4},"end":{"line":78,"column":28}},"23":{"start":{"line":83,"column":18},"end":{"line":83,"column":57}},"24":{"start":{"line":84,"column":4},"end":{"line":84,"column":59}},"25":{"start":{"line":85,"column":16},"end":{"line":85,"column":26}},"26":{"start":{"line":86,"column":20},"end":{"line":92,"column":6}},"27":{"start":{"line":93,"column":4},"end":{"line":93,"column":64}},"28":{"start":{"line":94,"column":4},"end":{"line":94,"column":30}},"29":{"start":{"line":102,"column":18},"end":{"line":102,"column":57}},"30":{"start":{"line":105,"column":4},"end":{"line":107,"column":5}},"31":{"start":{"line":106,"column":6},"end":{"line":106,"column":62}},"32":{"start":{"line":108,"column":4},"end":{"line":108,"column":44}},"33":{"start":{"line":109,"column":16},"end":{"line":109,"column":26}},"34":{"start":{"line":111,"column":36},"end":{"line":111,"column":50}},"35":{"start":{"line":112,"column":4},"end":{"line":116,"column":5}},"36":{"start":{"line":113,"column":6},"end":{"line":113,"column":33}},"37":{"start":{"line":115,"column":6},"end":{"line":115,"column":62}},"38":{"start":{"line":117,"column":4},"end":{"line":117,"column":63}},"39":{"start":{"line":121,"column":18},"end":{"line":121,"column":62}},"40":{"start":{"line":122,"column":4},"end":{"line":122,"column":43}},"41":{"start":{"line":126,"column":19},"end":{"line":126,"column":87}},"42":{"start":{"line":127,"column":4},"end":{"line":127,"column":43}},"43":{"start":{"line":127,"column":29},"end":{"line":127,"column":41}},"44":{"start":{"line":132,"column":19},"end":{"line":132,"column":50}},"45":{"start":{"line":133,"column":4},"end":{"line":133,"column":43}},"46":{"start":{"line":133,"column":29},"end":{"line":133,"column":41}},"47":{"start":{"line":142,"column":18},"end":{"line":142,"column":62}},"48":{"start":{"line":143,"column":4},"end":{"line":143,"column":61}},"49":{"start":{"line":148,"column":4},"end":{"line":153,"column":5}},"50":{"start":{"line":149,"column":6},"end":{"line":149,"column":46}},"51":{"start":{"line":151,"column":6},"end":{"line":151,"column":91}},"52":{"start":{"line":152,"column":6},"end":{"line":152,"column":35}},"53":{"start":{"line":154,"column":4},"end":{"line":156,"column":5}},"54":{"start":{"line":155,"column":6},"end":{"line":155,"column":35}},"55":{"start":{"line":157,"column":4},"end":{"line":157,"column":17}},"56":{"start":{"line":162,"column":4},"end":{"line":164,"column":5}},"57":{"start":{"line":163,"column":6},"end":{"line":163,"column":16}},"58":{"start":{"line":165,"column":4},"end":{"line":168,"column":6}},"59":{"start":{"line":172,"column":18},"end":{"line":172,"column":48}},"60":{"start":{"line":175,"column":4},"end":{"line":177,"column":5}},"61":{"start":{"line":176,"column":6},"end":{"line":176,"column":37}},"62":{"start":{"line":178,"column":4},"end":{"line":178,"column":17}},"63":{"start":{"line":182,"column":4},"end":{"line":184,"column":5}},"64":{"start":{"line":183,"column":6},"end":{"line":183,"column":54}},"65":{"start":{"line":188,"column":4},"end":{"line":195,"column":6}},"66":{"start":{"line":33,"column":13},"end":{"line":33,"column":25}},"67":{"start":{"line":33,"column":13},"end":{"line":197,"column":null}}},"fnMap":{"0":{"name":"(anonymous_4)","decl":{"start":{"line":37,"column":2},"end":{"line":37,"column":null}},"loc":{"start":{"line":40,"column":50},"end":{"line":41,"column":6}}},"1":{"name":"(anonymous_5)","decl":{"start":{"line":48,"column":2},"end":{"line":48,"column":7}},"loc":{"start":{"line":53,"column":28},"end":{"line":79,"column":3}}},"2":{"name":"(anonymous_6)","decl":{"start":{"line":82,"column":2},"end":{"line":82,"column":7}},"loc":{"start":{"line":82,"column":71},"end":{"line":95,"column":3}}},"3":{"name":"(anonymous_7)","decl":{"start":{"line":101,"column":2},"end":{"line":101,"column":7}},"loc":{"start":{"line":101,"column":63},"end":{"line":118,"column":3}}},"4":{"name":"(anonymous_8)","decl":{"start":{"line":120,"column":2},"end":{"line":120,"column":7}},"loc":{"start":{"line":120,"column":32},"end":{"line":123,"column":3}}},"5":{"name":"(anonymous_9)","decl":{"start":{"line":125,"column":2},"end":{"line":125,"column":7}},"loc":{"start":{"line":125,"column":32},"end":{"line":128,"column":3}}},"6":{"name":"(anonymous_10)","decl":{"start":{"line":127,"column":22},"end":{"line":127,"column":23}},"loc":{"start":{"line":127,"column":29},"end":{"line":127,"column":41}}},"7":{"name":"(anonymous_11)","decl":{"start":{"line":131,"column":2},"end":{"line":131,"column":7}},"loc":{"start":{"line":131,"column":32},"end":{"line":134,"column":3}}},"8":{"name":"(anonymous_12)","decl":{"start":{"line":133,"column":22},"end":{"line":133,"column":23}},"loc":{"start":{"line":133,"column":29},"end":{"line":133,"column":41}}},"9":{"name":"(anonymous_13)","decl":{"start":{"line":141,"column":2},"end":{"line":141,"column":7}},"loc":{"start":{"line":141,"column":36},"end":{"line":144,"column":3}}},"10":{"name":"(anonymous_14)","decl":{"start":{"line":146,"column":10},"end":{"line":146,"column":15}},"loc":{"start":{"line":146,"column":41},"end":{"line":158,"column":3}}},"11":{"name":"(anonymous_15)","decl":{"start":{"line":161,"column":10},"end":{"line":161,"column":26}},"loc":{"start":{"line":161,"column":56},"end":{"line":169,"column":3}}},"12":{"name":"(anonymous_16)","decl":{"start":{"line":171,"column":10},"end":{"line":171,"column":15}},"loc":{"start":{"line":171,"column":59},"end":{"line":179,"column":3}}},"13":{"name":"(anonymous_17)","decl":{"start":{"line":181,"column":10},"end":{"line":181,"column":26}},"loc":{"start":{"line":181,"column":61},"end":{"line":185,"column":3}}},"14":{"name":"(anonymous_18)","decl":{"start":{"line":187,"column":10},"end":{"line":187,"column":14}},"loc":{"start":{"line":187,"column":33},"end":{"line":196,"column":3}}}},"branchMap":{"0":{"loc":{"start":{"line":55,"column":4},"end":{"line":57,"column":5}},"type":"if","locations":[{"start":{"line":55,"column":4},"end":{"line":57,"column":5}}]},"1":{"loc":{"start":{"line":62,"column":4},"end":{"line":64,"column":5}},"type":"if","locations":[{"start":{"line":62,"column":4},"end":{"line":64,"column":5}}]},"2":{"loc":{"start":{"line":105,"column":4},"end":{"line":107,"column":5}},"type":"if","locations":[{"start":{"line":105,"column":4},"end":{"line":107,"column":5}}]},"3":{"loc":{"start":{"line":112,"column":4},"end":{"line":116,"column":5}},"type":"if","locations":[{"start":{"line":112,"column":4},"end":{"line":116,"column":5}},{"start":{"line":114,"column":11},"end":{"line":116,"column":5}}]},"4":{"loc":{"start":{"line":122,"column":11},"end":{"line":122,"column":42}},"type":"cond-expr","locations":[{"start":{"line":122,"column":19},"end":{"line":122,"column":35}},{"start":{"line":122,"column":38},"end":{"line":122,"column":42}}]},"5":{"loc":{"start":{"line":143,"column":11},"end":{"line":143,"column":60}},"type":"binary-expr","locations":[{"start":{"line":143,"column":11},"end":{"line":143,"column":24}},{"start":{"line":143,"column":28},"end":{"line":143,"column":60}}]},"6":{"loc":{"start":{"line":154,"column":4},"end":{"line":156,"column":5}},"type":"if","locations":[{"start":{"line":154,"column":4},"end":{"line":156,"column":5}}]},"7":{"loc":{"start":{"line":162,"column":4},"end":{"line":164,"column":5}},"type":"if","locations":[{"start":{"line":162,"column":4},"end":{"line":164,"column":5}}]},"8":{"loc":{"start":{"line":175,"column":4},"end":{"line":177,"column":5}},"type":"if","locations":[{"start":{"line":175,"column":4},"end":{"line":177,"column":5}}]},"9":{"loc":{"start":{"line":175,"column":8},"end":{"line":175,"column":70}},"type":"binary-expr","locations":[{"start":{"line":175,"column":8},"end":{"line":175,"column":14}},{"start":{"line":175,"column":18},"end":{"line":175,"column":45}},{"start":{"line":175,"column":49},"end":{"line":175,"column":70}}]},"10":{"loc":{"start":{"line":182,"column":4},"end":{"line":184,"column":5}},"type":"if","locations":[{"start":{"line":182,"column":4},"end":{"line":184,"column":5}}]}},"s":{"0":7,"1":7,"2":7,"3":7,"4":7,"5":7,"6":7,"7":7,"8":69,"9":69,"10":69,"11":69,"12":76,"13":1,"14":75,"15":73,"16":73,"17":73,"18":2,"19":71,"20":70,"21":70,"22":70,"23":8,"24":7,"25":7,"26":7,"27":7,"28":7,"29":15,"30":13,"31":1,"32":12,"33":11,"34":11,"35":11,"36":6,"37":5,"38":11,"39":6,"40":6,"41":1,"42":1,"43":2,"44":2,"45":2,"46":7,"47":55,"48":55,"49":75,"50":75,"51":1,"52":1,"53":74,"54":1,"55":73,"56":12,"57":7,"58":5,"59":23,"60":23,"61":3,"62":20,"63":19,"64":1,"65":100,"66":7,"67":7},"f":{"0":69,"1":76,"2":8,"3":15,"4":6,"5":1,"6":2,"7":2,"8":7,"9":55,"10":75,"11":12,"12":23,"13":19,"14":100},"b":{"0":[1],"1":[2],"2":[1],"3":[6,5],"4":[3,3],"5":[55,51],"6":[1],"7":[7],"8":[3],"9":[23,23,21],"10":[1]}}
,"G:\\VsCode\\Hydromart\\services\\delivery-service\\src\\config\\delivery-config.service.ts": {"path":"G:\\VsCode\\Hydromart\\services\\delivery-service\\src\\config\\delivery-config.service.ts","statementMap":{"0":{"start":{"line":1,"column":0},"end":{"line":1,"column":44}},"1":{"start":{"line":2,"column":0},"end":{"line":2,"column":47}},"2":{"start":{"line":3,"column":0},"end":{"line":3,"column":72}},"3":{"start":{"line":5,"column":0},"end":{"line":5,"column":52}},"4":{"start":{"line":8,"column":7},"end":{"line":182,"column":null}},"5":{"start":{"line":10,"column":21},"end":{"line":10,"column":29}},"6":{"start":{"line":11,"column":21},"end":{"line":11,"column":31}},"7":{"start":{"line":15,"column":4},"end":{"line":15,"column":47}},"8":{"start":{"line":26,"column":16},"end":{"line":26,"column":39}},"9":{"start":{"line":27,"column":4},"end":{"line":27,"column":79}},"10":{"start":{"line":31,"column":4},"end":{"line":31,"column":62}},"11":{"start":{"line":34,"column":4},"end":{"line":34,"column":41}},"12":{"start":{"line":37,"column":4},"end":{"line":37,"column":45}},"13":{"start":{"line":40,"column":4},"end":{"line":40,"column":83}},"14":{"start":{"line":43,"column":4},"end":{"line":43,"column":83}},"15":{"start":{"line":47,"column":4},"end":{"line":47,"column":85}},"16":{"start":{"line":51,"column":4},"end":{"line":51,"column":78}},"17":{"start":{"line":55,"column":4},"end":{"line":55,"column":80}},"18":{"start":{"line":59,"column":4},"end":{"line":59,"column":81}},"19":{"start":{"line":63,"column":4},"end":{"line":63,"column":63}},"20":{"start":{"line":67,"column":4},"end":{"line":67,"column":58}},"21":{"start":{"line":71,"column":4},"end":{"line":75,"column":6}},"22":{"start":{"line":79,"column":4},"end":{"line":79,"column":97}},"23":{"start":{"line":83,"column":4},"end":{"line":83,"column":59}},"24":{"start":{"line":86,"column":4},"end":{"line":86,"column":85}},"25":{"start":{"line":89,"column":4},"end":{"line":93,"column":6}},"26":{"start":{"line":97,"column":4},"end":{"line":101,"column":6}},"27":{"start":{"line":105,"column":4},"end":{"line":105,"column":95}},"28":{"start":{"line":108,"column":4},"end":{"line":108,"column":81}},"29":{"start":{"line":120,"column":4},"end":{"line":124,"column":6}},"30":{"start":{"line":128,"column":4},"end":{"line":128,"column":91}},"31":{"start":{"line":135,"column":4},"end":{"line":139,"column":6}},"32":{"start":{"line":142,"column":4},"end":{"line":146,"column":35}},"33":{"start":{"line":145,"column":18},"end":{"line":145,"column":26}},"34":{"start":{"line":146,"column":21},"end":{"line":146,"column":33}},"35":{"start":{"line":149,"column":4},"end":{"line":149,"column":97}},"36":{"start":{"line":152,"column":4},"end":{"line":152,"column":73}},"37":{"start":{"line":155,"column":4},"end":{"line":157,"column":27}},"38":{"start":{"line":160,"column":4},"end":{"line":160,"column":88}},"39":{"start":{"line":169,"column":4},"end":{"line":175,"column":6}},"40":{"start":{"line":180,"column":4},"end":{"line":180,"column":69}},"41":{"start":{"line":8,"column":13},"end":{"line":8,"column":34}},"42":{"start":{"line":8,"column":13},"end":{"line":182,"column":null}}},"fnMap":{"0":{"name":"(anonymous_2)","decl":{"start":{"line":9,"column":2},"end":{"line":9,"column":null}},"loc":{"start":{"line":11,"column":44},"end":{"line":12,"column":6}}},"1":{"name":"(anonymous_3)","decl":{"start":{"line":14,"column":10},"end":{"line":14,"column":13}},"loc":{"start":{"line":14,"column":25},"end":{"line":16,"column":3}}},"2":{"name":"(anonymous_4)","decl":{"start":{"line":25,"column":10},"end":{"line":25,"column":17}},"loc":{"start":{"line":25,"column":71},"end":{"line":28,"column":3}}},"3":{"name":"(anonymous_5)","decl":{"start":{"line":30,"column":2},"end":{"line":30,"column":6}},"loc":{"start":{"line":30,"column":13},"end":{"line":32,"column":3}}},"4":{"name":"(anonymous_6)","decl":{"start":{"line":33,"column":2},"end":{"line":33,"column":6}},"loc":{"start":{"line":33,"column":18},"end":{"line":35,"column":3}}},"5":{"name":"(anonymous_7)","decl":{"start":{"line":36,"column":2},"end":{"line":36,"column":6}},"loc":{"start":{"line":36,"column":10},"end":{"line":38,"column":3}}},"6":{"name":"(anonymous_8)","decl":{"start":{"line":39,"column":2},"end":{"line":39,"column":6}},"loc":{"start":{"line":39,"column":21},"end":{"line":41,"column":3}}},"7":{"name":"(anonymous_9)","decl":{"start":{"line":42,"column":2},"end":{"line":42,"column":6}},"loc":{"start":{"line":42,"column":21},"end":{"line":44,"column":3}}},"8":{"name":"(anonymous_10)","decl":{"start":{"line":46,"column":2},"end":{"line":46,"column":6}},"loc":{"start":{"line":46,"column":23},"end":{"line":48,"column":3}}},"9":{"name":"(anonymous_11)","decl":{"start":{"line":50,"column":2},"end":{"line":50,"column":6}},"loc":{"start":{"line":50,"column":19},"end":{"line":52,"column":3}}},"10":{"name":"(anonymous_12)","decl":{"start":{"line":54,"column":2},"end":{"line":54,"column":6}},"loc":{"start":{"line":54,"column":21},"end":{"line":56,"column":3}}},"11":{"name":"(anonymous_13)","decl":{"start":{"line":58,"column":2},"end":{"line":58,"column":6}},"loc":{"start":{"line":58,"column":22},"end":{"line":60,"column":3}}},"12":{"name":"(anonymous_14)","decl":{"start":{"line":62,"column":2},"end":{"line":62,"column":6}},"loc":{"start":{"line":62,"column":24},"end":{"line":64,"column":3}}},"13":{"name":"(anonymous_15)","decl":{"start":{"line":66,"column":2},"end":{"line":66,"column":6}},"loc":{"start":{"line":66,"column":19},"end":{"line":68,"column":3}}},"14":{"name":"(anonymous_16)","decl":{"start":{"line":70,"column":2},"end":{"line":70,"column":30}},"loc":{"start":{"line":70,"column":60},"end":{"line":76,"column":3}}},"15":{"name":"(anonymous_17)","decl":{"start":{"line":78,"column":2},"end":{"line":78,"column":26}},"loc":{"start":{"line":78,"column":56},"end":{"line":80,"column":3}}},"16":{"name":"(anonymous_18)","decl":{"start":{"line":82,"column":2},"end":{"line":82,"column":20}},"loc":{"start":{"line":82,"column":50},"end":{"line":84,"column":3}}},"17":{"name":"(anonymous_19)","decl":{"start":{"line":85,"column":2},"end":{"line":85,"column":18}},"loc":{"start":{"line":85,"column":48},"end":{"line":87,"column":3}}},"18":{"name":"(anonymous_20)","decl":{"start":{"line":88,"column":2},"end":{"line":88,"column":24}},"loc":{"start":{"line":88,"column":54},"end":{"line":94,"column":3}}},"19":{"name":"(anonymous_21)","decl":{"start":{"line":96,"column":2},"end":{"line":96,"column":26}},"loc":{"start":{"line":96,"column":56},"end":{"line":102,"column":3}}},"20":{"name":"(anonymous_22)","decl":{"start":{"line":104,"column":2},"end":{"line":104,"column":22}},"loc":{"start":{"line":104,"column":52},"end":{"line":106,"column":3}}},"21":{"name":"(anonymous_23)","decl":{"start":{"line":107,"column":2},"end":{"line":107,"column":12}},"loc":{"start":{"line":107,"column":42},"end":{"line":109,"column":3}}},"22":{"name":"(anonymous_24)","decl":{"start":{"line":119,"column":2},"end":{"line":119,"column":16}},"loc":{"start":{"line":119,"column":46},"end":{"line":125,"column":3}}},"23":{"name":"(anonymous_25)","decl":{"start":{"line":127,"column":2},"end":{"line":127,"column":21}},"loc":{"start":{"line":127,"column":51},"end":{"line":129,"column":3}}},"24":{"name":"(anonymous_26)","decl":{"start":{"line":134,"column":2},"end":{"line":134,"column":27}},"loc":{"start":{"line":134,"column":57},"end":{"line":140,"column":3}}},"25":{"name":"(anonymous_27)","decl":{"start":{"line":141,"column":2},"end":{"line":141,"column":6}},"loc":{"start":{"line":141,"column":17},"end":{"line":147,"column":3}}},"26":{"name":"(anonymous_28)","decl":{"start":{"line":145,"column":11},"end":{"line":145,"column":12}},"loc":{"start":{"line":145,"column":18},"end":{"line":145,"column":26}}},"27":{"name":"(anonymous_29)","decl":{"start":{"line":146,"column":14},"end":{"line":146,"column":15}},"loc":{"start":{"line":146,"column":21},"end":{"line":146,"column":33}}},"28":{"name":"(anonymous_30)","decl":{"start":{"line":148,"column":2},"end":{"line":148,"column":6}},"loc":{"start":{"line":148,"column":15},"end":{"line":150,"column":3}}},"29":{"name":"(anonymous_31)","decl":{"start":{"line":151,"column":2},"end":{"line":151,"column":6}},"loc":{"start":{"line":151,"column":21},"end":{"line":153,"column":3}}},"30":{"name":"(anonymous_32)","decl":{"start":{"line":154,"column":2},"end":{"line":154,"column":6}},"loc":{"start":{"line":154,"column":26},"end":{"line":158,"column":3}}},"31":{"name":"(anonymous_33)","decl":{"start":{"line":159,"column":2},"end":{"l
[...]
,"G:\\VsCode\\Hydromart\\services\\delivery-service\\src\\modules\\dto\\responses.generated.dto.ts": {"path":"G:\\VsCode\\Hydromart\\services\\delivery-service\\src\\modules\\dto\\responses.generated.dto.ts","statementMap":{"0":{"start":{"line":4,"column":0},"end":{"line":4,"column":46}},"1":{"start":{"line":7,"column":0},"end":{"line":7,"column":13}},"2":{"start":{"line":9,"column":2},"end":{"line":9,"column":null}},"3":{"start":{"line":11,"column":2},"end":{"line":11,"column":null}},"4":{"start":{"line":13,"column":2},"end":{"line":13,"column":null}},"5":{"start":{"line":15,"column":2},"end":{"line":15,"column":null}},"6":{"start":{"line":17,"column":2},"end":{"line":17,"column":null}},"7":{"start":{"line":19,"column":2},"end":{"line":19,"column":null}},"8":{"start":{"line":21,"column":2},"end":{"line":21,"column":null}},"9":{"start":{"line":23,"column":2},"end":{"line":23,"column":null}},"10":{"start":{"line":25,"column":2},"end":{"line":25,"column":null}},"11":{"start":{"line":29,"column":0},"end":{"line":29,"column":13}},"12":{"start":{"line":31,"column":2},"end":{"line":31,"column":null}},"13":{"start":{"line":33,"column":2},"end":{"line":33,"column":null}},"14":{"start":{"line":35,"column":2},"end":{"line":35,"column":null}},"15":{"start":{"line":37,"column":2},"end":{"line":37,"column":null}},"16":{"start":{"line":39,"column":2},"end":{"line":39,"column":null}},"17":{"start":{"line":41,"column":2},"end":{"line":41,"column":null}},"18":{"start":{"line":45,"column":0},"end":{"line":45,"column":13}},"19":{"start":{"line":47,"column":2},"end":{"line":47,"column":null}},"20":{"start":{"line":49,"column":2},"end":{"line":49,"column":null}},"21":{"start":{"line":51,"column":2},"end":{"line":51,"column":null}},"22":{"start":{"line":53,"column":2},"end":{"line":53,"column":null}},"23":{"start":{"line":57,"column":0},"end":{"line":57,"column":13}},"24":{"start":{"line":59,"column":2},"end":{"line":59,"column":null}},"25":{"start":{"line":61,"column":2},"end":{"line":61,"column":null}},"26":{"start":{"line":63,"column":2},"end":{"line":63,"column":null}},"27":{"start":{"line":65,"column":2},"end":{"line":65,"column":null}},"28":{"start":{"line":67,"column":2},"end":{"line":67,"column":null}},"29":{"start":{"line":69,"column":2},"end":{"line":69,"column":null}},"30":{"start":{"line":71,"column":2},"end":{"line":71,"column":null}},"31":{"start":{"line":73,"column":2},"end":{"line":73,"column":null}},"32":{"start":{"line":77,"column":0},"end":{"line":77,"column":13}},"33":{"start":{"line":79,"column":2},"end":{"line":79,"column":null}},"34":{"start":{"line":81,"column":2},"end":{"line":81,"column":null}},"35":{"start":{"line":85,"column":0},"end":{"line":85,"column":13}},"36":{"start":{"line":87,"column":2},"end":{"line":87,"column":null}},"37":{"start":{"line":89,"column":2},"end":{"line":89,"column":null}},"38":{"start":{"line":91,"column":2},"end":{"line":91,"column":null}},"39":{"start":{"line":93,"column":2},"end":{"line":93,"column":null}},"40":{"start":{"line":95,"column":2},"end":{"line":95,"column":null}},"41":{"start":{"line":97,"column":2},"end":{"line":97,"column":null}},"42":{"start":{"line":101,"column":0},"end":{"line":101,"column":13}},"43":{"start":{"line":103,"column":2},"end":{"line":103,"column":null}},"44":{"start":{"line":105,"column":2},"end":{"line":105,"column":null}},"45":{"start":{"line":107,"column":2},"end":{"line":107,"column":null}},"46":{"start":{"line":109,"column":2},"end":{"line":109,"column":null}},"47":{"start":{"line":111,"column":2},"end":{"line":111,"column":null}},"48":{"start":{"line":113,"column":2},"end":{"line":113,"column":null}},"49":{"start":{"line":117,"column":0},"end":{"line":117,"column":13}},"50":{"start":{"line":119,"column":2},"end":{"line":119,"column":null}},"51":{"start":{"line":121,"column":2},"end":{"line":121,"column":null}},"52":{"start":{"line":125,"column":0},"end":{"line":125,"column":13}},"53":{"start":{"line":127,"column":2},"end":{"line":127,"column":null}},"54":{"start":{"line":129,"column":2},"end":{"line":129,"column":null}},"55":{"start":{"line":131,"column":2},"end":{"line":131,"column":null}},"56":{"start":{"line":133,"column":2},"end":{"line":133,"column":null}},"57":{"start":{"line":135,"column":2},"end":{"line":135,"column":null}},"58":{"start":{"line":137,"column":2},"end":{"line":137,"column":null}},"59":{"start":{"line":139,"column":2},"end":{"line":139,"column":null}},"60":{"start":{"line":143,"column":0},"end":{"line":143,"column":13}},"61":{"start":{"line":145,"column":2},"end":{"line":145,"column":null}},"62":{"start":{"line":147,"column":2},"end":{"line":147,"column":null}},"63":{"start":{"line":149,"column":2},"end":{"line":149,"column":null}},"64":{"start":{"line":151,"column":2},"end":{"line":151,"column":null}},"65":{"start":{"line":155,"column":0},"end":{"line":155,"column":13}},"66":{"start":{"line":157,"column":2},"end":{"line":157,"column":null}},"67":{"start":{"line":159,"column":2},"end":{"line":159,"column":null}},"68":{"start":{"line":161,"column":2},"end":{"line":161,"column":null}},"69":{"start":{"line":163,"column":2},"end":{"line":163,"column":null}},"70":{"start":{"line":165,"column":2},"end":{"line":165,"column":null}},"71":{"start":{"line":167,"column":2},"end":{"line":167,"column":null}},"72":{"start":{"line":169,"column":2},"end":{"line":169,"column":null}},"73":{"start":{"line":171,"column":2},"end":{"line":171,"column":null}},"74":{"start":{"line":173,"column":2},"end":{"line":173,"column":null}},"75":{"start":{"line":175,"column":2},"end":{"line":175,"column":null}},"76":{"start":{"line":177,"column":2},"end":{"line":177,"column":null}},"77":{"start":{"line":179,"column":2},"end":{"line":179,"column":null}},"78":{"start":{"line":181,"column":2},"end":{"line":181,"column":null}},"79":{"start":{"line":183,"column":2},"end":{"line":183,"column":null}},"80":{"start":{"line":185,"column":2},"end":{"line":185,"column":null}},"81":{"start":{"line":187,"column":2},"end":{"line":187,"column":null}},"82":{"start":{"line":189,"column":2},"end":{"line":189,"column":null}},"83":{"start":{"line":191,"column":2},"end":{"line":191,"column":null}},"84":{"start":{"line":193,"column":2},"end":{"line":193,"column":null}},"85":{"start":{"line":195,"column":2},"end":{"line":195,"column":null}},"86":{"start":{"line":197,"column":2},"end":{"line":197,"column":null}},"87":{"start":{"line":199,"column":2},"end":{"line":199,"column":null}},"88":{"start":{"line":201,"column":2},"end":{"line":201,"column":null}},"89":{"start":{"line":203,"column":2},"end":{"line":203,"column":null}},"90":{"start":{"line":205,"column":2},"end":{"line":205,"column":null}},"91":{"start":{"line":207,"column":2},"end":{"line":207,"column":null}},"92":{"start":{"line":209,"column":2},"end":{"line":209,"column":null}},"93":{"start":{"line":211,"column":2},"end":{"line":211,"column":null}},"94":{"start":{"line":213,"column":2},"end":{"line":213,"column":null}},"95":{"start":{"line":215,"column":2},"end":{"line":215,"column":null}},"96":{"start":{"line":219,"column":0},"end":{"line":219,"column":13}},"97":{"start":{"line":221,"column":2},"end":{"line":221,"column":null}},"98":{"start":{"line":223,"column":2},"end":{"line":223,"column":null}},"99":{"start":{"line":225,"column":2},"end":{"line":225,"column":null}},"100":{"start":{"line":229,"column":0},"end":{"line":229,"column":13}},"101":{"start":{"line":231,"column":2},"end":{"line":231,"column":null}},"102":{"start":{"line":233,"column":2},"end":{"line":233,"column":null}},"103":{"start":{"line":235,"column":2},"end":{"line":235,"column":null}},"104":{"start":{"line":237,"column":2},"end":{"line":237,"column":null}},"105":{"start":{"line":239,"column":2},"end":{"line":239,"column":null}},"106":{"start":{"line":241,"column":2},"end":{"line":241,"column":null}},"107":{"start":{"line":243,"column":2},"end":{"line":243,"column":null}},"108":{"start":{"line":245,"column":2},"end":{"line":245,"column":null}},"109":{"start":{"line":247,"column":2},"end":{"line":247,"column":null}},"110":{"start":{"line":249,"column":2},"end":{"line":249,"column":null}},"111":{"start":{"line":251,"column":2},"end":{"line":251,"column":null}},"112":{"start":{"line":253,"column":2},"end":{"line":253,"column":null}},"113":{"start":{"line":255,"column":2},"end":{"line":255,"column":null}},"114":{"start":{"line":257,"column":2},"end":{"line":257,"column":null}},"115":{"start":{"line":261,"column":0},"end":{"line":261,"column":13}},"116":{"start":{"line":263,"column":2},"end":{"line":263,"column":null}},"117":{"start":{"line":265,"column":2},"end":{"line":265,"column":null}},"118":{"start":{"line":267,"column":2},"end":{"line":267,"column":null}},"119":{"start":{"line":269,"column":2},"end":{"line":269,"column":null}},"120":{"start":{"line":271,"column":2},"end":{"line":271,"column":null}},"121":{"start":{"line":273,"column":2},"end":{"line":273,"column":null}},"122":{"start":{"line":275,"column":2},"end":{"line":275,"column":null}},"123":{"start":{"line":277,"column":2},"end":{"line":277,"column":null}},"124":{"start":{"line":279,"column":2},"end":{"line":279,"column":null}},"125":{"start":{"line":281,"column":2},"end":{"line":281,"column":null}},"126":{"start":{"line":283,"column":2},"end":{"line":283,"column":null}},"127":{"start":{"line":285,"column":2},"end":{"line":285,"column":null}},"128":{"start":{"line":287,"column":2},"end":{"line":287,"column":null}},"129":{"start":{"line":289,"column":2},"end":{"line":289,"column":null}},"130":{"start":{"line":291,"column":2},"end":{"line":291,"column":null}},"131":{"start":{"line":295,"column":0},"end":{"line":295,"column":13}},"132":{"start":{"line":297,"column":2},"end":{"line":297,"column":null}},"133":{"start":{"line":299,"column":2},"end":{"line":299,"column":null}},"134":{"start":{"line":301,"column":2},"end":{"line":301,"column":null}},"135":{"start":{"line":303,"column":2},"end":{"line":303,"column":null}},"136":{"start":{"line":305,"column":2},"end":{"line":305,"column":null}},"137":{"start":{"line":307,"column":2},"end":{"line":307,"column":null}},"138":{"start":{"line":309,"column":2},"end":{"line":309,"column":null}},"139":{"start":{"line":311,"column":2},"end":{"line":311,"column":null}},"140":{"start":{"line":313,"column":2},"end":{"line":313,"column":null}},"141":{"start":{"line":315,"column":2},"end":{"line":315,"column":null}},"142":{"start":{"line":317,"column":2},"end":{"line":317,"column":null}},"143":{"start":{"line":319,"column":2},"end":{"line":319,"column":null}},"144":{"start":{"line":321,"column":2},"end":{"line":321,"column":null}},"145":{"start":{"line":323,"column":2},"end":{"line":323,"column":null}},"146":{"start":{"line":325,"column":2},"end":{"line":325,"column":null}},"147":{"start":{"line":329,"column":0},"end":{"line":329,"column":13}},"148":{"start":{"line":331,"column":2},"end":{"line":331,"column":null}},"149":{"start":{"line":333,"column":2},"end":{"line":333,"column":null}},"150":{"start":{"line":337,"column":0},"end":{"line":337,"column":13}},"151":{"start":{"line":339,"column":2},"end":{"line":339,"column":null}},"152":{"start":{"line":341,"column":2},"end":{"line":341,"column":null}},"153":{"start":{"line":345,"column":0},"end":{"line":345,"column":13}},"154":{"start":{"line":347,"column":2},"end":{"line":347,"column":null}},"155":{"start":{"line":351,"column":0},"end":{"line":351,"column":13}},"156":{"start":{"line":353,"column":2},"end":{"line":353,"column":null}},"157":{"start":{"line":355,"column":2},"end":{"line":355,"column":null}},"158":{"start":{"line":357,"column":2},"end":{"line":357,"column":null}},"159":{"start":{"line":359,"column":2},"end":{"line":359,"column":null}},"160":{"start":{"line":361,"column":2},"end":{"line":361,"column":null}},"161":{"start":{"line":365,"column":0},"end":{"line":365,"column":13}},"162":{"start":{"line":367,"column":2},"end":{"line":367,"column":null}},"163":{"start":{"line":369,"column":2},"end":{"line":369,"column":null}},"164":{"start":{"line":373,"column":0},"end":{"line":373,"column":13}},"165":{"start":{"line":375,"column":2},"end":{"line":375,"column":null}},"166":{"start":{"line":377,"column":2},"end":{"line":377,"column":null}},"167":{"start":{"line":381,"column":0},"end":{"line":381,"column":13}},"168":{"start":{"line":383,"column":2},"end":{"line":383,"column":null}}},"fnMap":{},"branchMap":{},"s":{"0":7,"1":7,"2":7,"3":7,"4":7,"5":7,"6":7,"7":7,"8":7,"9":7,"10":7,"11":7,"12":7,"13":7,"14":7,"15":7,"16":7,"17":7,"18":7,"19":7,"20":7,"21":7,"22":7,"23":7,"24":7,"25":7,"26":7,"27":7,"28":7,"29":7,"30":7,"31":7,"32":7,"33":7,"34":7,"35":7,"36":7,"37":7,"38":7,"39":7,"40":7,"41":7,"42":7,"43":7,"44":7,"45":7,"46":7,"47":7,"48":7,"49":7,"50":7,"51":7,"52":7,"53":7,"54":7,"55":7,"56":7,"57":7,"58":7,"59":7,"60":7,"61":7,"62":7,"63":7,"64":7,"65":7,"66":7,"67":7,"68":7,"69":7,"70":7,"71":7,"72":7,"73":7,"74":7,"75":7,"76":7,"77":7,"78":7,"79":7,"80":7,"81":7,"82":7,"83":7,"84":7,"85":7,"86":7,"87":7,"88":7,"89":7,"90":7,"91":7,"92":7,"93":7,"94":7,"95":7,"96":7,"97":7,"98":7,"99":7,"100":7,"101":7,"102":7,"103":7,"104":7,"105":7,"106":7,"107":7,"108":7,"109":7,"110":7,"111":7,"112":7,"113":7,"114":7,"115":7,"116":7,"117":7,"118":7,"119":7,"120":7,"121":7,"122":7,"123":7,"124":7,"125":7,"126":7,"127":7,"128":7,"129":7,"130":7,"131":7,"132":7,"133":7,"134":7,"135":7,"136":7,"137":7,"138":7,"139":7,"140":7,"141":7,"142":7,"143":7,"144":7,"145":7,"146":7,"147":7,"148":7,"149":7,"150":7,"151":7,"152":7,"153":7,"154":7,"155":7,"156":7,"157":7,"158":7,"159":7,"160":7,"161":7,"162":7,"163":7,"164":7,"165":7,"166":7,"167":7,"168":7},"f":{},"b":{}}
,"G:\\VsCode\\Hydromart\\services\\delivery-service\\src\\modules\\dto\\retention.dto.ts": {"path":"G:\\VsCode\\Hydromart\\services\\delivery-service\\src\\modules\\dto\\retention.dto.ts","statementMap":{"0":{"start":{"line":1,"column":0},"end":{"line":1,"column":46}},"1":{"start":{"line":2,"column":0},"end":{"line":2,"column":44}},"2":{"start":{"line":8,"column":0},"end":{"line":8,"column":13}},"3":{"start":{"line":11,"column":2},"end":{"line":11,"column":null}}},"fnMap":{},"branchMap":{},"s":{"0":5,"1":5,"2":5,"3":5},"f":{},"b":{}}
,"G:\\VsCode\\Hydromart\\services\\delivery-service\\src\\modules\\dto\\settings.dto.ts": {"path":"G:\\VsCode\\Hydromart\\services\\delivery-service\\src\\modules\\dto\\settings.dto.ts","statementMap":{"0":{"start":{"line":1,"column":0},"end":{"line":1,"column":80}},"1":{"start":{"line":3,"column":0},"end":{"line":3,"column":13}},"2":{"start":{"line":5,"column":2},"end":{"line":5,"column":null}},"3":{"start":{"line":9,"column":2},"end":{"line":9,"column":null}},"4":{"start":{"line":13,"column":2},"end":{"line":13,"column":null}},"5":{"start":{"line":17,"column":2},"end":{"line":17,"column":null}},"6":{"start":{"line":20,"column":0},"end":{"line":20,"column":13}},"7":{"start":{"line":22,"column":2},"end":{"line":22,"column":null}},"8":{"start":{"line":26,"column":2},"end":{"line":26,"column":null}},"9":{"start":{"line":30,"column":2},"end":{"line":30,"column":null}}},"fnMap":{},"branchMap":{},"s":{"0":4,"1":4,"2":4,"3":4,"4":4,"5":4,"6":4,"7":4,"8":4,"9":4},"f":{},"b":{}}
,"G:\\VsCode\\Hydromart\\services\\delivery-service\\src\\modules\\dto\\settlement.dto.ts": {"path":"G:\\VsCode\\Hydromart\\services\\delivery-service\\src\\modules\\dto\\settlement.dto.ts","statementMap":{"0":{"start":{"line":1,"column":0},"end":{"line":1,"column":67}},"1":{"start":{"line":2,"column":0},"end":{"line":2,"column":41}},"2":{"start":{"line":3,"column":0},"end":{"line":3,"column":null}},"3":{"start":{"line":14,"column":0},"end":{"line":14,"column":59}},"4":{"start":{"line":16,"column":0},"end":{"line":16,"column":13}},"5":{"start":{"line":19,"column":2},"end":{"line":19,"column":null}},"6":{"start":{"line":25,"column":2},"end":{"line":25,"column":null}},"7":{"start":{"line":22,"column":14},"end":{"line":22,"column":20}},"8":{"start":{"line":28,"column":0},"end":{"line":28,"column":13}},"9":{"start":{"line":34,"column":2},"end":{"line":34,"column":null}},"10":{"start":{"line":40,"column":2},"end":{"line":40,"column":null}},"11":{"start":{"line":43,"column":0},"end":{"line":43,"column":13}},"12":{"start":{"line":47,"column":2},"end":{"line":47,"column":null}},"13":{"start":{"line":50,"column":0},"end":{"line":50,"column":13}},"14":{"start":{"line":53,"column":2},"end":{"line":53,"column":null}},"15":{"start":{"line":58,"column":2},"end":{"line":58,"column":null}}},"fnMap":{"0":{"name":"(anonymous_2)","decl":{"start":{"line":22,"column":8},"end":{"line":22,"column":11}},"loc":{"start":{"line":22,"column":14},"end":{"line":22,"column":20}}}},"branchMap":{},"s":{"0":5,"1":5,"2":5,"3":5,"4":5,"5":5,"6":5,"7":1,"8":5,"9":5,"10":5,"11":5,"12":5,"13":5,"14":5,"15":5},"f":{"0":1},"b":{}}
,"G:\\VsCode\\Hydromart\\services\\delivery-service\\src\\modules\\dto\\shift.dto.ts": {"path":"G:\\VsCode\\Hydromart\\services\\delivery-service\\src\\modules\\dto\\shift.dto.ts","statementMap":{"0":{"start":{"line":1,"column":0},"end":{"line":1,"column":67}},"1":{"start":{"line":2,"column":0},"end":{"line":2,"column":41}},"2":{"start":{"line":3,"column":0},"end":{"line":3,"column":100}},"3":{"start":{"line":5,"column":0},"end":{"line":5,"column":49}},"4":{"start":{"line":7,"column":0},"end":{"line":7,"column":64}},"5":{"start":{"line":9,"column":0},"end":{"line":9,"column":13}},"6":{"start":{"line":12,"column":2},"end":{"line":12,"column":null}},"7":{"start":{"line":17,"column":2},"end":{"line":17,"column":null}},"8":{"start":{"line":15,"column":14},"end":{"line":15,"column":20}},"9":{"start":{"line":22,"column":2},"end":{"line":22,"column":null}},"10":{"start":{"line":20,"column":14},"end":{"line":20,"column":20}},"11":{"start":{"line":30,"column":2},"end":{"line":30,"column":null}},"12":{"start":{"line":33,"column":0},"end":{"line":33,"column":13}},"13":{"start":{"line":37,"column":2},"end":{"line":37,"column":null}},"14":{"start":{"line":35,"column":14},"end":{"line":35,"column":20}},"15":{"start":{"line":42,"column":2},"end":{"line":42,"column":null}},"16":{"start":{"line":40,"column":14},"end":{"line":40,"column":20}},"17":{"start":{"line":45,"column":0},"end":{"line":45,"column":13}},"18":{"start":{"line":51,"column":2},"end":{"line":51,"column":null}},"19":{"start":{"line":54,"column":0},"end":{"line":54,"column":13}},"20":{"start":{"line":58,"column":2},"end":{"line":58,"column":null}},"21":{"start":{"line":63,"column":2},"end":{"line":63,"column":null}},"22":{"start":{"line":70,"column":2},"end":{"line":70,"column":null}}},"fnMap":{"0":{"name":"(anonymous_2)","decl":{"start":{"line":15,"column":8},"end":{"line":15,"column":11}},"loc":{"start":{"line":15,"column":14},"end":{"line":15,"column":20}}},"1":{"name":"(anonymous_3)","decl":{"start":{"line":20,"column":8},"end":{"line":20,"column":11}},"loc":{"start":{"line":20,"column":14},"end":{"line":20,"column":20}}},"2":{"name":"(anonymous_4)","decl":{"start":{"line":35,"column":8},"end":{"line":35,"column":11}},"loc":{"start":{"line":35,"column":14},"end":{"line":35,"column":20}}},"3":{"name":"(anonymous_5)","decl":{"start":{"line":40,"column":8},"end":{"line":40,"column":11}},"loc":{"start":{"line":40,"column":14},"end":{"line":40,"column":20}}}},"branchMap":{},"s":{"0":5,"1":5,"2":5,"3":5,"4":5,"5":5,"6":5,"7":5,"8":7,"9":5,"10":7,"11":5,"12":5,"13":5,"14":1,"15":5,"16":1,"17":5,"18":5,"19":5,"20":5,"21":5,"22":5},"f":{"0":7,"1":7,"2":1,"3":1},"b":{}}
}
